  *******************************************
  *                                         *
  *        W E L C O M E  to  R O O T       *
  *                                         *
  *   Version   5.34/39     12 March 2018   *
  *                                         *
  *  You are welcome to visit our Web site  *
  *          http://root.cern.ch            *
  *                                         *
  *******************************************

ROOT 5.34/39 (heads/v5-34-00-patches@v5-34-38-1-g507abd2, Dec 13 2022, 17:42:00 on linuxx8664gcc)

CINT/ROOT C/C++ Interpreter version 5.18.00, July 2, 2010
Type ? for help. Commands must be C++ statements.
Enclose multiple statements between { }.
Note: File "/gpfs01/star/subsys-tpc/fisyak/STAR/packages/TFG21g/.sl73_x8664_gcc485/LIB/StarRoot.so" already loaded
Warning in <StCloseFileOnTerminate::Instantiate>: Asynch signal handler has been created
*** Float Point Exception is OFF ***
 *** Start at Date : Tue Oct 31 08:20:03 2023
QAInfo:You are using STAR_LEVEL : TFG21g, git = tags/TFG21g,tag:50722f0e0, ROOT_LEVEL : 5.34.39 and node : spool1553.sdcc.bnl.gov with 96 Intel(R) Xeon(R) Gold 6336Y CPU @ 2.40GHz

Processing ./readPicoDst.C("/tmp/svianping/1DA9AFED53CA6BF567ED676D014CD071_2972/INPUTFILES/1DA9AFED53CA6BF567ED676D014CD071_2972.local.list",2972,18,27.0,"/star/u/svianping/STAR_Files/KFParticle4Lambda/datalist")...
current job id: 2972
Note: File "/gpfs01/star/subsys-tpc/fisyak/STAR/packages/TFG21g/.sl73_x8664_gcc485/LIB/St_base.so" already loaded
Warning in <TClass::TClass>: no dictionary for class StStrangeMuDst is available
Warning in <TClass::TClass>: no dictionary for class StStrangeAssoc is available
 loading of shared libraries done
Note: File "/gpfs01/star/subsys-tpc/fisyak/STAR/packages/TFG21g/.sl73_x8664_gcc485/LIB/libStChain.so" already loaded
Note: File "/gpfs01/star/subsys-tpc/fisyak/STAR/packages/TFG21g/.sl73_x8664_gcc485/LIB/libStUtilities.so" already loaded
G__catchexception=0
Load system libraries	 + liblog4cxx + libStStarLogger
Create chain bfc
QA :INFO  - ==============================================
QA :INFO  - ============= You are in TFG21g ===============
QA :INFO  - Requested chain bfc is :	ry2016,RpicoDst,kfpInter,mysql,quiet,nodefault
QA :INFO  -  Switch On                 mysql by Chain
QA :INFO  -  Switch On             StBichsel by MuDSTDeps
QA :INFO  -  Switch On            KFParticle by StEvent
QA :INFO  -  Switch On                 globT by StEvent
QA :INFO  -  Switch On                   SCL by StEvent
QA :INFO  -  Switch On                 sim_T by TbUtil
QA :INFO  -  Switch On                 tpc_T by TbUtil
QA :INFO  -  Switch On                TbUtil by StEvent
QA :INFO  -  Switch On                   Stu by StEvent
QA :INFO  -  Switch On                 StDbT by dbutil
QA :INFO  -  Switch On                    db by detDb
QA :INFO  -  Switch On                 detDb by dbutil
QA :INFO  -  Switch On                dbutil by StEvent
QA :INFO  -  Switch On                TRGDef by StEvent
QA :INFO  -  Switch On               StEvent by MuDSTDeps
QA :INFO  -  Switch On               TofUtil by MuDSTDeps
QA :INFO  -  Switch On              BTofUtil by MuDSTDeps
QA :INFO  -  Switch On                 emc_T by EmcUtil
QA :INFO  -  Switch On                 geomT by EmcUtil
QA :INFO  -  Switch On               EmcUtil by MuDSTDeps
QA :INFO  -  Switch On               PmdUtil by MuDSTDeps
QA :INFO  -  Switch On             MuDSTDeps by PicoDeps
QA :INFO  -  Switch On              PicoDeps by RpicoDST
QA :INFO  -  Switch On              RpicoDST by Chain
QA :INFO  -  Switch On              KFPInter by Chain
QA :INFO  -  Switch On             NoDefault by Chain
QA :INFO  -  Switch On                 quiet by Chain
QA :INFO  -  Switch On                ry2016 by Chain
QA :INFO  -  Switch On                   Agi by Default Geometry
QA :INFO  - ==================                   Agi	is ON 	: Alias VmcGeometry to AgiGeometry (gstar original geometry)
QA :INFO  - ==================            KFParticle	is ON 	: Load KFParticle
QA :INFO  - ==================                 StDbT	is ON 	: Load StDb_Tables
QA :INFO  - ==================                 emc_T	is ON 	: Load emc_Tables
QA :INFO  - ==================                 geomT	is ON 	: Load geometry_Tables
QA :INFO  - ==================                 globT	is ON 	: Load global_Tables
QA :INFO  - ==================                 sim_T	is ON 	: Load sim_Tables
QA :INFO  - ==================                 tpc_T	is ON 	: WARNING *** Option is OBSOLETE ***
QA :INFO  - ==================                 mysql	is ON 	: MySQL
QA :INFO  - ==================                   SCL	is ON 	: Load StarClassLibrary
QA :INFO  - ==================             StBichsel	is ON 	: Load Bichsel model for dE/dx
QA :INFO  - ==================               StEvent	is ON 	: Load StEvent
QA :INFO  - ==================                TbUtil	is ON 	: Load StTableUtilities
QA :INFO  - ==================               TofUtil	is ON 	: Load StTofUtil
QA :INFO  - ==================              BTofUtil	is ON 	: Load StBTofUtil
QA :INFO  - ==================                   Stu	is ON 	: Load StEventUtilities
QA :INFO  - ==================               EmcUtil	is ON 	: Load StEmcUtil
QA :INFO  - ==================               PmdUtil	is ON 	: Load StPmdUtil
QA :INFO  - ==================             MuDSTDeps	is ON 	: Load MuDST misc. dependencies (all)
QA :INFO  - ==================              PicoDeps	is ON 	: Load PicoDST dependences
QA :INFO  - ==================              RpicoDST	is ON 	: read PicoDST
QA :INFO  - ==================                    db	is ON 	: 
QA :INFO  - ==================                 detDb	is ON 	: Load StDetectorDbMaker library
QA :INFO  - ==================                dbutil	is ON 	: Load StDbUtilities
QA :INFO  - ==================                TRGDef	is ON 	: Load StTriggerData
QA :INFO  - ==================              KFPInter	is ON 	: STAR KFParticle interface
QA :INFO  - ==================             NoDefault	is ON 	: No Default consistency check
QA :INFO  - ==================                 quiet	is ON 	: make chain quiet
QA :INFO  - ==================                ry2016	is ON 	: 
QA :INFO  - Process [First=     1/Last=    -1/Total=    -1] Events
QA :INFO  - Library libmysqlclient         [          mysql] (/usr/lib64/mysql/libmysqlclient.so)	is loaded
QA :INFO  - Library libStTpcDb             [        StEvent] (/gpfs01/star/subsys-tpc/fisyak/STAR/packages/TFG21g/.sl73_x8664_gcc485/LIB/libStTpcDb.so)	is loaded
QA :INFO  - Library libStBTofUtil          [       BTofUtil] (/gpfs01/star/subsys-tpc/fisyak/STAR/packages/TFG21g/.sl73_x8664_gcc485/LIB/libStBTofUtil.so)	is loaded
QA :INFO  - Library libStPicoEvent         [       PicoDeps] (/gpfs01/star/subsys-tpc/fisyak/STAR/packages/TFG21g/.sl73_x8664_gcc485/LIB/libStPicoEvent.so)	is loaded
QA :INFO  - Library libStPicoDstMaker      [       PicoDeps] (/gpfs01/star/subsys-tpc/fisyak/STAR/packages/TFG21g/.sl73_x8664_gcc485/LIB/libStPicoDstMaker.so)	is loaded
QA :INFO  - Library libStDbBroker          [             db] (/gpfs01/star/subsys-tpc/fisyak/STAR/packages/TFG21g/.sl73_x8664_gcc485/LIB/libStDbBroker.so)	is loaded
QA :INFO  - Library libSt_db_Maker         [             db] (/gpfs01/star/subsys-tpc/fisyak/STAR/packages/TFG21g/.sl73_x8664_gcc485/LIB/libSt_db_Maker.so)	is loaded
QA :INFO  - Library libStDetectorDbMaker   [          detDb] (/gpfs01/star/subsys-tpc/fisyak/STAR/packages/TFG21g/.sl73_x8664_gcc485/LIB/libStDetectorDbMaker.so)	is loaded
QA :INFO  - Library libStDbUtilities       [         dbutil] (/gpfs01/star/subsys-tpc/fisyak/STAR/packages/TFG21g/.sl73_x8664_gcc485/LIB/libStDbUtilities.so)	is loaded
QA :INFO  - Library libKFParticlePerformance [       KFPInter] (/home/tmp/svianping/1DA9AFED53CA6BF567ED676D014CD071_2972/.sl73_x8664_gcc485/LIB/libKFParticlePerformance.so)	is loaded
QA :INFO  - Library libStKFParticleAnalysisMaker [       KFPInter] (/home/tmp/svianping/1DA9AFED53CA6BF567ED676D014CD071_2972/.sl73_x8664_gcc485/LIB/libStKFParticleAnalysisMaker.so)	is loaded
QA :INFO  - Input file name = /tmp/svianping/1DA9AFED53CA6BF567ED676D014CD071_2972/INPUTFILES/1DA9AFED53CA6BF567ED676D014CD071_2972.local.list
BFC:INFO  - StFile::AddFile : *** IGNORED *** File /tmp/svianping/1DA9AFED53CA6BF567ED676D014CD071_2972/INPUTFILES/1DA9AFED53CA6BF567ED676D014CD071_2972.local.list has wrong extention 

QA :INFO  - Output root file name 1DA9AFED53CA6BF567ED676D014CD071_2972.local.root
QA :INFO  - ProcessLine:new StPicoDstMaker(2,"/tmp/svianping/1DA9AFED53CA6BF567ED676D014CD071_2972/INPUTFILES/1DA9AFED53CA6BF567ED676D014CD071_2972.local.list")
(class StPicoDstMaker*)0x8872440
BFC:INFO  - Using DB flavors: ofl+TFG
QA :INFO  - QAInfo:StBFChain            built Mar 14 2022 19:11:02 from Tag $Name:  $ $Id: StBFChain.h,v 1.59 2019/11/19 17:26:17 jeromel Exp $ 
QA :INFO  - QAInfo:StPicoDstMaker       built Jun  9 2021 13:05:13 from Tag $Name:  $ $Id: StPicoDstMaker.h,v 1.30 2021/02/23 17:27:01 gnigmat Exp $ 
QA :INFO  - QAInfo:St_db_Maker          built Jun  9 2021 13:53:26 from Tag $Name:  $ $Id: St_db_Maker.h,v 1.46 2015/05/05 21:05:52 dmitry Exp $ 
QA :INFO  - QAInfo:StDetectorDbMaker    built Jun  9 2021 11:58:34 from Tag $Name:  $ $Id: StDetectorDbMaker.h,v 1.5 2015/12/23 23:34:09 fisyak Exp $ 
QA :INFO  - +++ Setting attribute .gopt. = 
QA :INFO  -  StBFChain::bfc
QA :INFO  -    StPicoDstMaker::PicoDst
QA :INFO  -    St_db_Maker::db
QA :INFO  -    StDetectorDbMaker::detDb
Note: File "/gpfs01/star/subsys-tpc/fisyak/STAR/packages/TFG21g/.sl73_x8664_gcc485/LIB/StPicoEvent.so" already loaded
Note: File "/gpfs01/star/subsys-tpc/fisyak/STAR/packages/TFG21g/.sl73_x8664_gcc485/LIB/StPicoDstMaker.so" already loaded
BFC:INFO  - StBFChain::Init : Time=Tue Oct 31 08:20:07 2023 Cwd=/home/tmp/svianping/1DA9AFED53CA6BF567ED676D014CD071_2972
QA :INFO  - blacklist tpc
QA :INFO  - blacklist svt
QA :INFO  - blacklist ssd
QA :INFO  - blacklist sst
QA :INFO  - blacklist pxl
QA :INFO  - blacklist ist
QA :INFO  - blacklist fms
QA :INFO  - blacklist eemc
StChain:DEBUG - *** Call << StPicoDstMaker:Init() ***
StChain:INFO  -  Read in picoDst file /tmp/svianping/1DA9AFED53CA6BF567ED676D014CD071_2972/INPUTFILES/st_physics_adc_19133013_raw_5000002.picoDst.root
StChain:INFO  -  Read in picoDst file /tmp/svianping/1DA9AFED53CA6BF567ED676D014CD071_2972/INPUTFILES/st_physics_19133013_raw_5000010.picoDst.root
StChain:INFO  -  Read in picoDst file /tmp/svianping/1DA9AFED53CA6BF567ED676D014CD071_2972/INPUTFILES/st_physics_adc_19133014_raw_1500004.picoDst.root
StChain:INFO  -  Read in picoDst file /tmp/svianping/1DA9AFED53CA6BF567ED676D014CD071_2972/INPUTFILES/st_physics_adc_19133014_raw_3000004.picoDst.root
StChain:INFO  -  Read in picoDst file /tmp/svianping/1DA9AFED53CA6BF567ED676D014CD071_2972/INPUTFILES/st_physics_adc_19133016_raw_3500002.picoDst.root
StChain:INFO  -  Read in picoDst file /tmp/svianping/1DA9AFED53CA6BF567ED676D014CD071_2972/INPUTFILES/st_physics_adc_19133016_raw_4000003.picoDst.root
StChain:INFO  -  Read in picoDst file /tmp/svianping/1DA9AFED53CA6BF567ED676D014CD071_2972/INPUTFILES/st_physics_adc_19133016_raw_5500002.picoDst.root
StChain:INFO  -  Read in picoDst file /tmp/svianping/1DA9AFED53CA6BF567ED676D014CD071_2972/INPUTFILES/st_physics_19133017_raw_4500002.picoDst.root
StChain:INFO  -  Read in picoDst file /tmp/svianping/1DA9AFED53CA6BF567ED676D014CD071_2972/INPUTFILES/st_physics_19133017_raw_2500007.picoDst.root
StChain:INFO  -  Read in picoDst file /tmp/svianping/1DA9AFED53CA6BF567ED676D014CD071_2972/INPUTFILES/st_physics_19133018_raw_5500001.picoDst.root
StChain:INFO  -  Read in picoDst file /tmp/svianping/1DA9AFED53CA6BF567ED676D014CD071_2972/INPUTFILES/st_physics_adc_19133021_raw_2500003.picoDst.root
StChain:INFO  -  Read in picoDst file /tmp/svianping/1DA9AFED53CA6BF567ED676D014CD071_2972/INPUTFILES/st_physics_adc_19133021_raw_1500004.picoDst.root
StChain:INFO  -  Read in picoDst file /tmp/svianping/1DA9AFED53CA6BF567ED676D014CD071_2972/INPUTFILES/st_physics_19133021_raw_2000006.picoDst.root
StChain:INFO  -  Read in picoDst file /tmp/svianping/1DA9AFED53CA6BF567ED676D014CD071_2972/INPUTFILES/st_physics_19133021_raw_3000006.picoDst.root
StChain:INFO  -  Read in picoDst file /tmp/svianping/1DA9AFED53CA6BF567ED676D014CD071_2972/INPUTFILES/st_physics_19133022_raw_3500013.picoDst.root
StChain:INFO  -  Read in picoDst file /tmp/svianping/1DA9AFED53CA6BF567ED676D014CD071_2972/INPUTFILES/st_physics_19133023_raw_4500005.picoDst.root
StChain:INFO  -  Read in picoDst file /tmp/svianping/1DA9AFED53CA6BF567ED676D014CD071_2972/INPUTFILES/st_physics_adc_19133025_raw_4500003.picoDst.root
StChain:INFO  -  Read in picoDst file /tmp/svianping/1DA9AFED53CA6BF567ED676D014CD071_2972/INPUTFILES/st_physics_adc_19133025_raw_5000014.picoDst.root
StChain:INFO  -  Read in picoDst file /tmp/svianping/1DA9AFED53CA6BF567ED676D014CD071_2972/INPUTFILES/st_physics_19133025_raw_1000022.picoDst.root
StChain:INFO  -  Read in picoDst file /tmp/svianping/1DA9AFED53CA6BF567ED676D014CD071_2972/INPUTFILES/st_physics_19133025_raw_4500011.picoDst.root
StChain:INFO  -  Read in picoDst file /tmp/svianping/1DA9AFED53CA6BF567ED676D014CD071_2972/INPUTFILES/st_physics_19133025_raw_5000018.picoDst.root
StChain:INFO  -  Read in picoDst file /tmp/svianping/1DA9AFED53CA6BF567ED676D014CD071_2972/INPUTFILES/st_physics_adc_19133026_raw_0000006.picoDst.root
StChain:INFO  -  Read in picoDst file /tmp/svianping/1DA9AFED53CA6BF567ED676D014CD071_2972/INPUTFILES/st_physics_19133026_raw_3500020.picoDst.root
StChain:INFO  -  Read in picoDst file /tmp/svianping/1DA9AFED53CA6BF567ED676D014CD071_2972/INPUTFILES/st_physics_19133027_raw_3500007.picoDst.root
StChain:INFO  -  Read in picoDst file /tmp/svianping/1DA9AFED53CA6BF567ED676D014CD071_2972/INPUTFILES/st_physics_19133028_raw_3500007.picoDst.root
StChain:INFO  -  Read in picoDst file /tmp/svianping/1DA9AFED53CA6BF567ED676D014CD071_2972/INPUTFILES/st_physics_19133030_raw_1000023.picoDst.root
StChain:INFO  -  Read in picoDst file /tmp/svianping/1DA9AFED53CA6BF567ED676D014CD071_2972/INPUTFILES/st_physics_19133030_raw_1500021.picoDst.root
StChain:INFO  -  Read in picoDst file /tmp/svianping/1DA9AFED53CA6BF567ED676D014CD071_2972/INPUTFILES/st_physics_19133030_raw_2000020.picoDst.root
StChain:INFO  -  Read in picoDst file /tmp/svianping/1DA9AFED53CA6BF567ED676D014CD071_2972/INPUTFILES/st_physics_adc_19133031_raw_4500004.picoDst.root
StChain:INFO  -  Read in picoDst file /tmp/svianping/1DA9AFED53CA6BF567ED676D014CD071_2972/INPUTFILES/st_physics_adc_19133031_raw_5000002.picoDst.root
StChain:INFO  -  Total 30 files have been read in. 
StChain:WARN  - setBranchAddress: Branch name ETofHit does not exist!
StChain:WARN  - setBranchAddress: Branch name ETofPidTraits does not exist!
StChain:WARN  - setBranchAddress: Branch name McVertex does not exist!
StChain:WARN  - setBranchAddress: Branch name McTrack does not exist!
StChain:DEBUG - *** Call << St_db_Maker:Init() ***
StChain:INFO  - St_db_Maker::OpenMySQL : Block domain eemc
StChain:INFO  - St_db_Maker::OpenMySQL : Block domain fms
StChain:INFO  - St_db_Maker::OpenMySQL : Block domain ist
StChain:INFO  - St_db_Maker::OpenMySQL : Block domain pxl
StChain:INFO  - St_db_Maker::OpenMySQL : Block domain sst
StChain:INFO  - St_db_Maker::OpenMySQL : Block domain ssd
StChain:INFO  - St_db_Maker::OpenMySQL : Block domain svt
StChain:INFO  - St_db_Maker::OpenMySQL : Block domain tpc
StChain:INFO  - StDbManagerImpl::lookUpServers(): config file name is /gpfs01/star/subsys-tpc/fisyak/STAR/packages/conf/dbLoadBalancerLocalConfig_BNL.xml
There is no 1  /star/u/svianping/dbServers.xml
 looking at 2 /gpfs01/star/subsys-tpc/fisyak/STAR/packages/TFG21g/StDb/servers/dbServers.xml
DB OVERRIDE default user with: svianping
StChain:INFO  - StDbManagerImpl::lookUpServer() line=711 
******** Order of Files searched for dbServers ********* 
  3. /gpfs01/star/subsys-tpc/fisyak/STAR/packages/TFG21g/StDb/servers/dbServers.xml
********************************************************

StHyperCacheManager: reading cache config from /gpfs01/star/subsys-tpc/fisyak/STAR/packages/conf/hyperconfig.json
StChain:INFO  - StDbLib: db server found in 3 iterations
StChain:INFO  - MysqlDb::Connect: Load balancer took 0 ms, will use star-db05.rcf.bnl.gov:3316
StChain:INFO  - Ssl_cipher = AES128-SHA
StChain:INFO  - MysqlDb::Connect(host,user,pw,database,port) line=527 Server Connecting: DB=StarDb  Host=star-db05.rcf.bnl.gov:3316
 --> Connection Time=0.027689 sec    MysqlVersion=5.7.24
StChain:WARN  - StDbManagerImpl::getDbDomain(domainName) line=1061 Adding New dbDomain= fst
StChain:WARN  - StDbManagerImpl::getDbDomain(domainName) line=1061 Adding New dbDomain= ftt
StChain:INFO  - St_db_Maker::OpenMySQL : Unknown table rhicf/rhicfBarPos..rhicfBarPos
StChain:INFO  - St_db_Maker::OpenMySQL : Unknown table etof/etofAlign..etofAlign
StChain:INFO  - St_db_Maker::OpenMySQL : Unknown table etof/etofModCounter..etofModCounter
StChain:INFO  - St_db_Maker::OpenMySQL : Unknown table ftt/fttFobToHV..fttFobToHV
StChain:INFO  - St_db_Maker::OpenMySQL : Unknown table ftt/fttFobToStation..fttFobToStation
StChain:INFO  - St_db_Maker::OpenMySQL : Unknown table ftt/fttHardwareMap..fttHardwareMap
StChain:INFO  - St_db_Maker::OpenMySQL : Unknown table rhicf/rhicfPedestalF..rhicfPedestalF
StChain:INFO  - St_db_Maker::OpenMySQL : Unknown table rhicf/rhicfPhotonLeakageIn..rhicfPhotonLeakageIn
StChain:INFO  - St_db_Maker::OpenMySQL : Unknown table rhicf/rhicfPhotonLeakageOut..rhicfPhotonLeakageOut
StChain:INFO  - St_db_Maker::OpenMySQL : Unknown table rhicf/rhicfNeutronLeakageOut..rhicfNeutronLeakageOut
StChain:INFO  - St_db_Maker::OpenMySQL : Unknown table rhicf/rhicfCrossTalk..rhicfCrossTalk
StChain:INFO  - St_db_Maker::OpenMySQL : Unknown table fst/fstGain..fstGain
StChain:INFO  - St_db_Maker::OpenMySQL : Unknown table fst/fstPedNoise..fstPedNoise
StChain:INFO  - St_db_Maker::OpenMySQL : Unknown table fst/fstControl..fstControl
StChain:INFO  - St_db_Maker::OpenMySQL : Unknown table fst/fstMapping..fstMapping
StChain:INFO  - St_db_Maker::OpenMySQL : Unknown table fst/fstChipConfig..fstChipConfig
StChain:INFO  - St_db_Maker::OpenMySQL : Unknown table fst/fstSimPar..fstSimPar
StChain:INFO  - St_db_Maker::OpenMySQL : Unknown table ftt/fttDataWindows..fttDataWindows
StChain:DEBUG - *** Call << StDetectorDbMaker:Init() ***
StChain:DEBUG - *** Call << StKFParticleAnalysisMaker:Init() ***
output_002972.root
current job id: 2972
Run list :/star/u/svianping/STAR_Files/KFParticle4Lambda/datalist/runList/run18List27.0.list loaded. 
Total    :800 runs. 
badrun list :/star/u/svianping/STAR_Files/KFParticle4Lambda/datalist/badList/badrun18List27.0.list loaded.
Total       :123 bad runs. 
39 130 169 39 1
-----------------------------------------
------- histograms & tree claimed -------
-----------------------------------------
StRefMultCorr::readHeaderFile  [refmult] Correction parameters and centrality definitions have been successfully read.
read in nBadRun_refmult_2010: 717
read in nBadRun_refmult_2011: 134
read in nBadRun_refmult_2017: 24
read in nBadRun_refmult_2018: 86
StRefMultCorr::readHeaderFile  [refmult2] Correction parameters and centrality definitions have been successfully read.
read in nBadRun_refmult_2010: 717
read in nBadRun_refmult_2011: 134
read in nBadRun_refmult_2017: 24
read in nBadRun_refmult_2018: 86
StRefMultCorr::readHeaderFile  [refmult3] Correction parameters and centrality definitions have been successfully read.
read in nBadRun_refmult_2010: 717
read in nBadRun_refmult_2011: 134
read in nBadRun_refmult_2017: 24
read in nBadRun_refmult_2018: 86
StRefMultCorr::readHeaderFile  [grefmult] Correction parameters and centrality definitions have been successfully read.
read in nBadRun_refmult_2010: 717
read in nBadRun_refmult_2011: 134
read in nBadRun_refmult_2017: 24
read in nBadRun_refmult_2018: 86
StRefMultCorr::readBadRunsFromHeaderFile  Bad runs for year 2010, 2011, 2017 and 2018 have been read.
-----------------------------------
------- user's files loaded -------
-----------------------------------
chain->Init();
BFC:INFO  - StPicoDstMaker::SetStatus 1 to Event
BFC:INFO  - StPicoDstMaker::SetStatus 1 to Track
BFC:INFO  - StPicoDstMaker::SetStatus 1 to EmcTrigger
BFC:INFO  - StPicoDstMaker::SetStatus 1 to MtdTrigger
BFC:INFO  - StPicoDstMaker::SetStatus 1 to BTowHit
BFC:INFO  - StPicoDstMaker::SetStatus 1 to BTofHit
BFC:INFO  - StPicoDstMaker::SetStatus 1 to MtdHit
BFC:INFO  - StPicoDstMaker::SetStatus 1 to BbcHit
BFC:INFO  - StPicoDstMaker::SetStatus 1 to EpdHit
BFC:INFO  - StPicoDstMaker::SetStatus 1 to FmsHit
BFC:INFO  - StPicoDstMaker::SetStatus 1 to EmcPidTraits
BFC:INFO  - StPicoDstMaker::SetStatus 1 to BTofPidTraits
BFC:INFO  - StPicoDstMaker::SetStatus 1 to MtdPidTraits
BFC:INFO  - StPicoDstMaker::SetStatus 1 to TrackCovMatrix
BFC:INFO  - StPicoDstMaker::SetStatus 1 to BEmcSmdEHit
BFC:INFO  - StPicoDstMaker::SetStatus 1 to BEmcSmdPHit
BFC:INFO  - StPicoDstMaker::SetStatus 1 to ETofHit
BFC:INFO  - StPicoDstMaker::SetStatus 1 to ETofPidTraits
BFC:INFO  - StPicoDstMaker::SetStatus 1 to McVertex
BFC:INFO  - StPicoDstMaker::SetStatus 1 to McTrack
BFC:WARN  - setBranchAddress: Branch name ETofHit does not exist!
BFC:WARN  - setBranchAddress: Branch name ETofPidTraits does not exist!
BFC:WARN  - setBranchAddress: Branch name McVertex does not exist!
BFC:WARN  - setBranchAddress: Branch name McTrack does not exist!
116836 events in chain 116836 will be read.
StChain:INFO  -  +++ New RunNumber found=-1 (previous = -3)
StChain:INFO  - *********** Event Info **********************
StChain:INFO  - 	Run: 	   -1  Event    -1  TimeStamp 20330101.     0  Bunch 0:0
StChain:INFO  - 	 EvtSize: 0 	InpTrig:    0 OutTrig:    0
StChain:INFO  - *********************************************
St_db_Maker:INFO  -  +++ New RunNumber found=19133013 (previous = -3)
St_db_Maker:INFO  - *********** Event Info **********************
St_db_Maker:INFO  - 	Run: 	19133013  Event  3030  TimeStamp 20180513. 81322  Bunch 0:0
St_db_Maker:INFO  - 	 EvtSize: 0 	InpTrig:    0 OutTrig:    0
St_db_Maker:INFO  - *********************************************

== Event 100 finish == 0min 0s: 0s/event

== Event 200 finish == 0min 0s: 0s/event

== Event 300 finish == 0min 0s: 0s/event

== Event 400 finish == 0min 0s: 0s/event

== Event 500 finish == 0min 0s: 0s/event

== Event 600 finish == 0min 0s: 0s/event

== Event 700 finish == 0min 0s: 0s/event

== Event 800 finish == 0min 0s: 0s/event

== Event 900 finish == 0min 0s: 0s/event

== Event 1000 finish == 0min 0s: 0s/event

== Event 1100 finish == 0min 1s: 0.000909091s/event

== Event 1200 finish == 0min 1s: 0.000833333s/event

== Event 1300 finish == 0min 1s: 0.000769231s/event

== Event 1400 finish == 0min 1s: 0.000714286s/event

== Event 1500 finish == 0min 1s: 0.000666667s/event

== Event 1600 finish == 0min 1s: 0.000625s/event

== Event 1700 finish == 0min 1s: 0.000588235s/event
St_db_Maker:INFO  -  +++ New RunNumber found=19133014 (previous = 19133013)
St_db_Maker:INFO  - *********** Event Info **********************
St_db_Maker:INFO  - 	Run: 	19133014  Event   909  TimeStamp 20180513. 83206  Bunch 0:0
St_db_Maker:INFO  - 	 EvtSize: 0 	InpTrig:    0 OutTrig:    0
St_db_Maker:INFO  - *********************************************

== Event 1800 finish == 0min 1s: 0.000555556s/event

== Event 1900 finish == 0min 1s: 0.000526316s/event

== Event 2000 finish == 0min 1s: 0.0005s/event
St_db_Maker:INFO  -  +++ New RunNumber found=19133016 (previous = 19133014)
St_db_Maker:INFO  - *********** Event Info **********************
St_db_Maker:INFO  - 	Run: 	19133016  Event   505  TimeStamp 20180513. 91124  Bunch 0:0
St_db_Maker:INFO  - 	 EvtSize: 0 	InpTrig:    0 OutTrig:    0
St_db_Maker:INFO  - *********************************************
StKFParticleAnalysisMaker:INFO  - dEdxParameterization::GetFile : File P10T.root has been found as /gpfs01/star/subsys-tpc/fisyak/STAR/packages/TFG21g/StarDb/dEdxModel/P10T.root
	i = 	0	fnBins[i] = 	101	fbinW[i] = 	0.05
	i = 	1	fnBins[i] = 	11	fbinW[i] = 	0.33
	i = 	2	fnBins[i] = 	51	fbinW[i] = 	0.2

== Event 2100 finish == 0min 2s: 0.000952381s/event

== Event 2200 finish == 0min 2s: 0.000909091s/event

== Event 2300 finish == 0min 3s: 0.00130435s/event

== Event 2400 finish == 0min 4s: 0.00166667s/event

== Event 2500 finish == 0min 4s: 0.0016s/event

== Event 2600 finish == 0min 5s: 0.00192308s/event

== Event 2700 finish == 0min 6s: 0.00222222s/event

== Event 2800 finish == 0min 6s: 0.00214286s/event

== Event 2900 finish == 0min 7s: 0.00241379s/event

== Event 3000 finish == 0min 7s: 0.00233333s/event

== Event 3100 finish == 0min 8s: 0.00258065s/event

== Event 3200 finish == 0min 9s: 0.0028125s/event

== Event 3300 finish == 0min 9s: 0.00272727s/event

== Event 3400 finish == 0min 10s: 0.00294118s/event

== Event 3500 finish == 0min 11s: 0.00314286s/event

== Event 3600 finish == 0min 11s: 0.00305556s/event

== Event 3700 finish == 0min 12s: 0.00324324s/event

== Event 3800 finish == 0min 12s: 0.00315789s/event

== Event 3900 finish == 0min 13s: 0.00333333s/event

== Event 4000 finish == 0min 14s: 0.0035s/event

== Event 4100 finish == 0min 14s: 0.00341463s/event

== Event 4200 finish == 0min 15s: 0.00357143s/event

== Event 4300 finish == 0min 15s: 0.00348837s/event

== Event 4400 finish == 0min 16s: 0.00363636s/event

== Event 4500 finish == 0min 17s: 0.00377778s/event

== Event 4600 finish == 0min 17s: 0.00369565s/event

== Event 4700 finish == 0min 18s: 0.00382979s/event

== Event 4800 finish == 0min 19s: 0.00395833s/event

== Event 4900 finish == 0min 19s: 0.00387755s/event

== Event 5000 finish == 0min 20s: 0.004s/event

== Event 5100 finish == 0min 21s: 0.00411765s/event

== Event 5200 finish == 0min 21s: 0.00403846s/event

== Event 5300 finish == 0min 22s: 0.00415094s/event

== Event 5400 finish == 0min 23s: 0.00425926s/event
St_db_Maker:INFO  -  +++ New RunNumber found=19133017 (previous = 19133016)
St_db_Maker:INFO  - *********** Event Info **********************
St_db_Maker:INFO  - 	Run: 	19133017  Event    20  TimeStamp 20180513. 94110  Bunch 0:0
St_db_Maker:INFO  - 	 EvtSize: 0 	InpTrig:    0 OutTrig:    0
St_db_Maker:INFO  - *********************************************

== Event 5500 finish == 0min 24s: 0.00436364s/event

== Event 5600 finish == 0min 25s: 0.00446429s/event

== Event 5700 finish == 0min 25s: 0.00438596s/event

== Event 5800 finish == 0min 26s: 0.00448276s/event

== Event 5900 finish == 0min 27s: 0.00457627s/event

== Event 6000 finish == 0min 27s: 0.0045s/event

== Event 6100 finish == 0min 28s: 0.00459016s/event

== Event 6200 finish == 0min 29s: 0.00467742s/event

== Event 6300 finish == 0min 29s: 0.00460317s/event

== Event 6400 finish == 0min 30s: 0.0046875s/event

== Event 6500 finish == 0min 30s: 0.00461538s/event

== Event 6600 finish == 0min 31s: 0.00469697s/event

== Event 6700 finish == 0min 31s: 0.00462687s/event

== Event 6800 finish == 0min 32s: 0.00470588s/event

== Event 6900 finish == 0min 33s: 0.00478261s/event

== Event 7000 finish == 0min 33s: 0.00471429s/event

== Event 7100 finish == 0min 34s: 0.00478873s/event

== Event 7200 finish == 0min 34s: 0.00472222s/event

== Event 7300 finish == 0min 36s: 0.00493151s/event

== Event 7400 finish == 0min 37s: 0.005s/event

== Event 7500 finish == 0min 38s: 0.00506667s/event

== Event 7600 finish == 0min 38s: 0.005s/event

== Event 7700 finish == 0min 39s: 0.00506494s/event

== Event 7800 finish == 0min 40s: 0.00512821s/event

== Event 7900 finish == 0min 41s: 0.00518987s/event

== Event 8000 finish == 0min 41s: 0.005125s/event

== Event 8100 finish == 0min 42s: 0.00518519s/event

== Event 8200 finish == 0min 43s: 0.0052439s/event

== Event 8300 finish == 0min 43s: 0.00518072s/event

== Event 8400 finish == 0min 44s: 0.0052381s/event

== Event 8500 finish == 0min 45s: 0.00529412s/event

== Event 8600 finish == 0min 46s: 0.00534884s/event

== Event 8700 finish == 0min 47s: 0.0054023s/event

== Event 8800 finish == 0min 47s: 0.00534091s/event

== Event 8900 finish == 0min 48s: 0.00539326s/event

== Event 9000 finish == 0min 48s: 0.00533333s/event

== Event 9100 finish == 0min 49s: 0.00538462s/event

== Event 9200 finish == 0min 50s: 0.00543478s/event

== Event 9300 finish == 0min 50s: 0.00537634s/event

== Event 9400 finish == 0min 51s: 0.00542553s/event

== Event 9500 finish == 0min 52s: 0.00547368s/event

== Event 9600 finish == 0min 52s: 0.00541667s/event

== Event 9700 finish == 0min 53s: 0.00546392s/event

== Event 9800 finish == 0min 53s: 0.00540816s/event

== Event 9900 finish == 0min 54s: 0.00545455s/event

== Event 10000 finish == 0min 55s: 0.0055s/event

== Event 10100 finish == 0min 56s: 0.00554455s/event

== Event 10200 finish == 0min 56s: 0.0054902s/event

== Event 10300 finish == 0min 57s: 0.00553398s/event

== Event 10400 finish == 0min 57s: 0.00548077s/event

== Event 10500 finish == 0min 58s: 0.00552381s/event

== Event 10600 finish == 0min 59s: 0.00556604s/event

== Event 10700 finish == 0min 59s: 0.00551402s/event

== Event 10800 finish == 1min 0s: 0.00555556s/event

== Event 10900 finish == 1min 1s: 0.00559633s/event

== Event 11000 finish == 1min 1s: 0.00554545s/event

== Event 11100 finish == 1min 2s: 0.00558559s/event

== Event 11200 finish == 1min 2s: 0.00553571s/event

== Event 11300 finish == 1min 3s: 0.00557522s/event

== Event 11400 finish == 1min 4s: 0.00561404s/event

== Event 11500 finish == 1min 4s: 0.00556522s/event

== Event 11600 finish == 1min 5s: 0.00560345s/event

== Event 11700 finish == 1min 6s: 0.00564103s/event

== Event 11800 finish == 1min 7s: 0.00567797s/event

== Event 11900 finish == 1min 7s: 0.00563025s/event

== Event 12000 finish == 1min 8s: 0.00566667s/event

== Event 12100 finish == 1min 9s: 0.00570248s/event

== Event 12200 finish == 1min 9s: 0.00565574s/event

== Event 12300 finish == 1min 10s: 0.00569106s/event

== Event 12400 finish == 1min 10s: 0.00564516s/event

== Event 12500 finish == 1min 11s: 0.00568s/event

== Event 12600 finish == 1min 12s: 0.00571429s/event

== Event 12700 finish == 1min 12s: 0.00566929s/event

== Event 12800 finish == 1min 13s: 0.00570312s/event

== Event 12900 finish == 1min 14s: 0.00573643s/event

== Event 13000 finish == 1min 14s: 0.00569231s/event

== Event 13100 finish == 1min 15s: 0.00572519s/event

== Event 13200 finish == 1min 15s: 0.00568182s/event

== Event 13300 finish == 1min 16s: 0.00571429s/event

== Event 13400 finish == 1min 17s: 0.00574627s/event

== Event 13500 finish == 1min 17s: 0.0057037s/event

== Event 13600 finish == 1min 18s: 0.00573529s/event

== Event 13700 finish == 1min 19s: 0.00576642s/event

== Event 13800 finish == 1min 19s: 0.00572464s/event

== Event 13900 finish == 1min 20s: 0.0057554s/event

== Event 14000 finish == 1min 20s: 0.00571429s/event

== Event 14100 finish == 1min 21s: 0.00574468s/event

== Event 14200 finish == 1min 22s: 0.00577465s/event

== Event 14300 finish == 1min 22s: 0.00573427s/event

== Event 14400 finish == 1min 23s: 0.00576389s/event

== Event 14500 finish == 1min 24s: 0.0057931s/event

== Event 14600 finish == 1min 24s: 0.00575342s/event

== Event 14700 finish == 1min 25s: 0.00578231s/event

== Event 14800 finish == 1min 25s: 0.00574324s/event

== Event 14900 finish == 1min 26s: 0.00577181s/event

== Event 15000 finish == 1min 26s: 0.00573333s/event

== Event 15100 finish == 1min 27s: 0.00576159s/event

== Event 15200 finish == 1min 28s: 0.00578947s/event

== Event 15300 finish == 1min 28s: 0.00575163s/event

== Event 15400 finish == 1min 29s: 0.00577922s/event

== Event 15500 finish == 1min 30s: 0.00580645s/event

== Event 15600 finish == 1min 30s: 0.00576923s/event

== Event 15700 finish == 1min 31s: 0.00579618s/event

== Event 15800 finish == 1min 31s: 0.00575949s/event

== Event 15900 finish == 1min 33s: 0.00584906s/event

== Event 16000 finish == 1min 33s: 0.0058125s/event

== Event 16100 finish == 1min 34s: 0.00583851s/event

== Event 16200 finish == 1min 34s: 0.00580247s/event

== Event 16300 finish == 1min 35s: 0.00582822s/event

== Event 16400 finish == 1min 36s: 0.00585366s/event

== Event 16500 finish == 1min 37s: 0.00587879s/event

== Event 16600 finish == 1min 37s: 0.00584337s/event

== Event 16700 finish == 1min 38s: 0.00586826s/event

== Event 16800 finish == 1min 38s: 0.00583333s/event

== Event 16900 finish == 1min 39s: 0.00585799s/event

== Event 17000 finish == 1min 40s: 0.00588235s/event

== Event 17100 finish == 1min 40s: 0.00584795s/event

== Event 17200 finish == 1min 41s: 0.00587209s/event

== Event 17300 finish == 1min 42s: 0.00589595s/event

== Event 17400 finish == 1min 42s: 0.00586207s/event

== Event 17500 finish == 1min 43s: 0.00588571s/event

== Event 17600 finish == 1min 44s: 0.00590909s/event

== Event 17700 finish == 1min 44s: 0.00587571s/event

== Event 17800 finish == 1min 45s: 0.00589888s/event

== Event 17900 finish == 1min 45s: 0.00586592s/event

== Event 18000 finish == 1min 46s: 0.00588889s/event

== Event 18100 finish == 1min 47s: 0.0059116s/event

== Event 18200 finish == 1min 47s: 0.00587912s/event

== Event 18300 finish == 1min 47s: 0.00584699s/event

== Event 18400 finish == 1min 48s: 0.00586957s/event

== Event 18500 finish == 1min 49s: 0.00589189s/event

== Event 18600 finish == 1min 49s: 0.00586022s/event

== Event 18700 finish == 1min 50s: 0.00588235s/event

== Event 18800 finish == 1min 51s: 0.00590426s/event

== Event 18900 finish == 1min 51s: 0.00587302s/event

== Event 19000 finish == 1min 52s: 0.00589474s/event

== Event 19100 finish == 1min 52s: 0.00586387s/event

== Event 19200 finish == 1min 53s: 0.00588542s/event

== Event 19300 finish == 1min 54s: 0.00590674s/event

== Event 19400 finish == 1min 55s: 0.00592784s/event

== Event 19500 finish == 1min 56s: 0.00594872s/event

== Event 19600 finish == 1min 56s: 0.00591837s/event

== Event 19700 finish == 1min 57s: 0.00593909s/event

== Event 19800 finish == 1min 58s: 0.0059596s/event

== Event 19900 finish == 1min 58s: 0.00592965s/event

== Event 20000 finish == 1min 59s: 0.00595s/event

== Event 20100 finish == 1min 59s: 0.0059204s/event

== Event 20200 finish == 2min 0s: 0.00594059s/event

== Event 20300 finish == 2min 0s: 0.00591133s/event

== Event 20400 finish == 2min 1s: 0.00593137s/event

== Event 20500 finish == 2min 2s: 0.00595122s/event

== Event 20600 finish == 2min 2s: 0.00592233s/event

== Event 20700 finish == 2min 2s: 0.00589372s/event

== Event 20800 finish == 2min 3s: 0.00591346s/event

== Event 20900 finish == 2min 4s: 0.00593301s/event

== Event 21000 finish == 2min 5s: 0.00595238s/event

== Event 21100 finish == 2min 5s: 0.00592417s/event

== Event 21200 finish == 2min 6s: 0.0059434s/event

== Event 21300 finish == 2min 6s: 0.00591549s/event

== Event 21400 finish == 2min 7s: 0.00593458s/event

== Event 21500 finish == 2min 8s: 0.00595349s/event

== Event 21600 finish == 2min 8s: 0.00592593s/event

== Event 21700 finish == 2min 9s: 0.0059447s/event

== Event 21800 finish == 2min 9s: 0.00591743s/event

== Event 21900 finish == 2min 10s: 0.00593607s/event

== Event 22000 finish == 2min 11s: 0.00595455s/event

== Event 22100 finish == 2min 12s: 0.00597285s/event

== Event 22200 finish == 2min 12s: 0.00594595s/event

== Event 22300 finish == 2min 13s: 0.00596413s/event

== Event 22400 finish == 2min 13s: 0.0059375s/event

== Event 22500 finish == 2min 14s: 0.00595556s/event

== Event 22600 finish == 2min 15s: 0.00597345s/event

== Event 22700 finish == 2min 15s: 0.00594714s/event

== Event 22800 finish == 2min 16s: 0.00596491s/event

== Event 22900 finish == 2min 16s: 0.00593886s/event

== Event 23000 finish == 2min 17s: 0.00595652s/event

== Event 23100 finish == 2min 17s: 0.00593074s/event

== Event 23200 finish == 2min 18s: 0.00594828s/event

== Event 23300 finish == 2min 19s: 0.00596567s/event

== Event 23400 finish == 2min 20s: 0.00598291s/event

== Event 23500 finish == 2min 20s: 0.00595745s/event

== Event 23600 finish == 2min 21s: 0.00597458s/event

== Event 23700 finish == 2min 22s: 0.00599156s/event

== Event 23800 finish == 2min 22s: 0.00596639s/event

== Event 23900 finish == 2min 23s: 0.00598326s/event

== Event 24000 finish == 2min 24s: 0.006s/event

== Event 24100 finish == 2min 24s: 0.0059751s/event

== Event 24200 finish == 2min 25s: 0.00599174s/event

== Event 24300 finish == 2min 25s: 0.00596708s/event

== Event 24400 finish == 2min 26s: 0.00598361s/event

== Event 24500 finish == 2min 26s: 0.00595918s/event

== Event 24600 finish == 2min 27s: 0.00597561s/event

== Event 24700 finish == 2min 28s: 0.0059919s/event

== Event 24800 finish == 2min 28s: 0.00596774s/event

== Event 24900 finish == 2min 29s: 0.00598394s/event

== Event 25000 finish == 2min 29s: 0.00596s/event

== Event 25100 finish == 2min 29s: 0.00593625s/event

== Event 25200 finish == 2min 30s: 0.00595238s/event

== Event 25300 finish == 2min 30s: 0.00592885s/event

== Event 25400 finish == 2min 31s: 0.00594488s/event

== Event 25500 finish == 2min 32s: 0.00596078s/event

== Event 25600 finish == 2min 32s: 0.0059375s/event

== Event 25700 finish == 2min 33s: 0.00595331s/event

== Event 25800 finish == 2min 33s: 0.00593023s/event

== Event 25900 finish == 2min 34s: 0.00594595s/event

== Event 26000 finish == 2min 35s: 0.00596154s/event

== Event 26100 finish == 2min 35s: 0.0059387s/event

== Event 26200 finish == 2min 36s: 0.0059542s/event

== Event 26300 finish == 2min 36s: 0.00593156s/event

== Event 26400 finish == 2min 37s: 0.00594697s/event

== Event 26500 finish == 2min 37s: 0.00592453s/event

== Event 26600 finish == 2min 38s: 0.00593985s/event

== Event 26700 finish == 2min 39s: 0.00595506s/event

== Event 26800 finish == 2min 39s: 0.00593284s/event

== Event 26900 finish == 2min 40s: 0.00594796s/event

== Event 27000 finish == 2min 40s: 0.00592593s/event

== Event 27100 finish == 2min 41s: 0.00594096s/event

== Event 27200 finish == 2min 41s: 0.00591912s/event

== Event 27300 finish == 2min 42s: 0.00593407s/event

== Event 27400 finish == 2min 43s: 0.00594891s/event

== Event 27500 finish == 2min 44s: 0.00596364s/event

== Event 27600 finish == 2min 44s: 0.00594203s/event

== Event 27700 finish == 2min 45s: 0.00595668s/event

== Event 27800 finish == 2min 45s: 0.00593525s/event

== Event 27900 finish == 2min 46s: 0.00594982s/event

== Event 28000 finish == 2min 47s: 0.00596429s/event

== Event 28100 finish == 2min 48s: 0.00597865s/event

== Event 28200 finish == 2min 48s: 0.00595745s/event

== Event 28300 finish == 2min 49s: 0.00597173s/event

== Event 28400 finish == 2min 49s: 0.0059507s/event

== Event 28500 finish == 2min 50s: 0.00596491s/event

== Event 28600 finish == 2min 50s: 0.00594406s/event

== Event 28700 finish == 2min 51s: 0.00595819s/event

== Event 28800 finish == 2min 51s: 0.0059375s/event

== Event 28900 finish == 2min 52s: 0.00595156s/event

== Event 29000 finish == 2min 52s: 0.00593103s/event

== Event 29100 finish == 2min 53s: 0.00594502s/event

== Event 29200 finish == 2min 53s: 0.00592466s/event

== Event 29300 finish == 2min 54s: 0.00593857s/event

== Event 29400 finish == 2min 54s: 0.00591837s/event

== Event 29500 finish == 2min 55s: 0.0059322s/event

== Event 29600 finish == 2min 55s: 0.00591216s/event

== Event 29700 finish == 2min 56s: 0.00592593s/event

== Event 29800 finish == 2min 56s: 0.00590604s/event

== Event 29900 finish == 2min 57s: 0.00591973s/event
St_db_Maker:INFO  -  +++ New RunNumber found=19133018 (previous = 19133017)
St_db_Maker:INFO  - *********** Event Info **********************
St_db_Maker:INFO  - 	Run: 	19133018  Event     9  TimeStamp 20180513.101218  Bunch 0:0
St_db_Maker:INFO  - 	 EvtSize: 0 	InpTrig:    0 OutTrig:    0
St_db_Maker:INFO  - *********************************************

== Event 30000 finish == 2min 57s: 0.0059s/event

== Event 30100 finish == 2min 58s: 0.00591362s/event

== Event 30200 finish == 2min 58s: 0.00589404s/event

== Event 30300 finish == 2min 58s: 0.00587459s/event

== Event 30400 finish == 2min 58s: 0.00585526s/event

== Event 30500 finish == 2min 58s: 0.00583607s/event

== Event 30600 finish == 2min 58s: 0.00581699s/event

== Event 30700 finish == 2min 58s: 0.00579805s/event

== Event 30800 finish == 2min 58s: 0.00577922s/event

== Event 30900 finish == 2min 58s: 0.00576052s/event

== Event 31000 finish == 2min 58s: 0.00574194s/event

== Event 31100 finish == 2min 58s: 0.00572347s/event

== Event 31200 finish == 2min 58s: 0.00570513s/event
St_db_Maker:INFO  -  +++ New RunNumber found=19133021 (previous = 19133018)
St_db_Maker:INFO  - *********** Event Info **********************
St_db_Maker:INFO  - 	Run: 	19133021  Event   707  TimeStamp 20180513.102302  Bunch 0:0
St_db_Maker:INFO  - 	 EvtSize: 0 	InpTrig:    0 OutTrig:    0
St_db_Maker:INFO  - *********************************************

== Event 31300 finish == 2min 59s: 0.00571885s/event

== Event 31400 finish == 3min 0s: 0.00573248s/event

== Event 31500 finish == 3min 0s: 0.00571429s/event

== Event 31600 finish == 3min 1s: 0.00572785s/event

== Event 31700 finish == 3min 1s: 0.00570978s/event

== Event 31800 finish == 3min 1s: 0.00569182s/event

== Event 31900 finish == 3min 2s: 0.00570533s/event

== Event 32000 finish == 3min 3s: 0.00571875s/event

== Event 32100 finish == 3min 3s: 0.00570093s/event

== Event 32200 finish == 3min 4s: 0.00571429s/event

== Event 32300 finish == 3min 5s: 0.00572755s/event

== Event 32400 finish == 3min 5s: 0.00570988s/event

== Event 32500 finish == 3min 6s: 0.00572308s/event

== Event 32600 finish == 3min 7s: 0.0057362s/event

== Event 32700 finish == 3min 7s: 0.00571865s/event

== Event 32800 finish == 3min 8s: 0.00573171s/event

== Event 32900 finish == 3min 9s: 0.00574468s/event

== Event 33000 finish == 3min 9s: 0.00572727s/event

== Event 33100 finish == 3min 10s: 0.00574018s/event

== Event 33200 finish == 3min 10s: 0.00572289s/event

== Event 33300 finish == 3min 11s: 0.00573574s/event

== Event 33400 finish == 3min 12s: 0.0057485s/event

== Event 33500 finish == 3min 12s: 0.00573134s/event

== Event 33600 finish == 3min 13s: 0.00574405s/event

== Event 33700 finish == 3min 14s: 0.00575668s/event

== Event 33800 finish == 3min 14s: 0.00573964s/event

== Event 33900 finish == 3min 15s: 0.00575221s/event

== Event 34000 finish == 3min 15s: 0.00573529s/event

== Event 34100 finish == 3min 16s: 0.0057478s/event

== Event 34200 finish == 3min 17s: 0.00576023s/event

== Event 34300 finish == 3min 18s: 0.00577259s/event

== Event 34400 finish == 3min 18s: 0.00575581s/event

== Event 34500 finish == 3min 19s: 0.00576812s/event

== Event 34600 finish == 3min 20s: 0.00578035s/event

== Event 34700 finish == 3min 20s: 0.00576369s/event

== Event 34800 finish == 3min 21s: 0.00577586s/event

== Event 34900 finish == 3min 21s: 0.00575931s/event

== Event 35000 finish == 3min 22s: 0.00577143s/event

== Event 35100 finish == 3min 23s: 0.00578348s/event

== Event 35200 finish == 3min 23s: 0.00576705s/event

== Event 35300 finish == 3min 24s: 0.00577904s/event

== Event 35400 finish == 3min 25s: 0.00579096s/event

== Event 35500 finish == 3min 25s: 0.00577465s/event

== Event 35600 finish == 3min 26s: 0.00578652s/event

== Event 35700 finish == 3min 26s: 0.00577031s/event

== Event 35800 finish == 3min 26s: 0.00575419s/event

== Event 35900 finish == 3min 27s: 0.00576602s/event

== Event 36000 finish == 3min 28s: 0.00577778s/event

== Event 36100 finish == 3min 29s: 0.00578947s/event

== Event 36200 finish == 3min 29s: 0.00577348s/event

== Event 36300 finish == 3min 30s: 0.00578512s/event

== Event 36400 finish == 3min 30s: 0.00576923s/event

== Event 36500 finish == 3min 31s: 0.00578082s/event

== Event 36600 finish == 3min 32s: 0.00579235s/event

== Event 36700 finish == 3min 33s: 0.00580381s/event

== Event 36800 finish == 3min 33s: 0.00578804s/event

== Event 36900 finish == 3min 34s: 0.00579946s/event

== Event 37000 finish == 3min 34s: 0.00578378s/event

== Event 37100 finish == 3min 35s: 0.00579515s/event

== Event 37200 finish == 3min 36s: 0.00580645s/event

== Event 37300 finish == 3min 37s: 0.00581769s/event

== Event 37400 finish == 3min 37s: 0.00580214s/event

== Event 37500 finish == 3min 38s: 0.00581333s/event

== Event 37600 finish == 3min 38s: 0.00579787s/event

== Event 37700 finish == 3min 39s: 0.00580902s/event

== Event 37800 finish == 3min 39s: 0.00579365s/event

== Event 37900 finish == 3min 40s: 0.00580475s/event

== Event 38000 finish == 3min 40s: 0.00578947s/event

== Event 38100 finish == 3min 41s: 0.00580052s/event

== Event 38200 finish == 3min 42s: 0.00581152s/event

== Event 38300 finish == 3min 43s: 0.00582245s/event

== Event 38400 finish == 3min 44s: 0.00583333s/event

== Event 38500 finish == 3min 44s: 0.00581818s/event

== Event 38600 finish == 3min 45s: 0.00582902s/event

== Event 38700 finish == 3min 45s: 0.00581395s/event

== Event 38800 finish == 3min 46s: 0.00582474s/event

== Event 38900 finish == 3min 47s: 0.00583548s/event

== Event 39000 finish == 3min 48s: 0.00584615s/event
St_db_Maker:INFO  -  +++ New RunNumber found=19133022 (previous = 19133021)
St_db_Maker:INFO  - *********** Event Info **********************
St_db_Maker:INFO  - 	Run: 	19133022  Event 2056530  TimeStamp 20180513.105538  Bunch 0:0
St_db_Maker:INFO  - 	 EvtSize: 0 	InpTrig:    0 OutTrig:    0
St_db_Maker:INFO  - *********************************************

== Event 39100 finish == 3min 48s: 0.0058312s/event

== Event 39200 finish == 3min 49s: 0.00584184s/event

== Event 39300 finish == 3min 50s: 0.00585242s/event

== Event 39400 finish == 3min 51s: 0.00586294s/event

== Event 39500 finish == 3min 51s: 0.0058481s/event

== Event 39600 finish == 3min 52s: 0.00585859s/event

== Event 39700 finish == 3min 53s: 0.00586902s/event

== Event 39800 finish == 3min 54s: 0.0058794s/event

== Event 39900 finish == 3min 54s: 0.00586466s/event

== Event 40000 finish == 3min 55s: 0.005875s/event

== Event 40100 finish == 3min 55s: 0.00586035s/event

== Event 40200 finish == 3min 56s: 0.00587065s/event

== Event 40300 finish == 3min 57s: 0.00588089s/event

== Event 40400 finish == 3min 57s: 0.00586634s/event

== Event 40500 finish == 3min 58s: 0.00587654s/event

== Event 40600 finish == 3min 58s: 0.00586207s/event

== Event 40700 finish == 3min 59s: 0.00587224s/event

== Event 40800 finish == 4min 0s: 0.00588235s/event

== Event 40900 finish == 4min 0s: 0.00586797s/event

== Event 41000 finish == 4min 1s: 0.00587805s/event

== Event 41100 finish == 4min 2s: 0.00588808s/event

== Event 41200 finish == 4min 2s: 0.00587379s/event
St_db_Maker:INFO  -  +++ New RunNumber found=19133023 (previous = 19133022)
St_db_Maker:INFO  - *********** Event Info **********************
St_db_Maker:INFO  - 	Run: 	19133023  Event 44363  TimeStamp 20180513.105834  Bunch 0:0
St_db_Maker:INFO  - 	 EvtSize: 0 	InpTrig:    0 OutTrig:    0
St_db_Maker:INFO  - *********************************************

== Event 41300 finish == 4min 3s: 0.00588378s/event

== Event 41400 finish == 4min 4s: 0.00589372s/event

== Event 41500 finish == 4min 4s: 0.00587952s/event

== Event 41600 finish == 4min 5s: 0.00588942s/event

== Event 41700 finish == 4min 6s: 0.00589928s/event

== Event 41800 finish == 4min 6s: 0.00588517s/event

== Event 41900 finish == 4min 7s: 0.00589499s/event

== Event 42000 finish == 4min 8s: 0.00590476s/event

== Event 42100 finish == 4min 8s: 0.00589074s/event

== Event 42200 finish == 4min 9s: 0.00590047s/event

== Event 42300 finish == 4min 10s: 0.00591017s/event

== Event 42400 finish == 4min 10s: 0.00589623s/event

== Event 42500 finish == 4min 11s: 0.00590588s/event

== Event 42600 finish == 4min 12s: 0.00591549s/event

== Event 42700 finish == 4min 12s: 0.00590164s/event

== Event 42800 finish == 4min 13s: 0.00591121s/event

== Event 42900 finish == 4min 14s: 0.00592075s/event

== Event 43000 finish == 4min 14s: 0.00590698s/event

== Event 43100 finish == 4min 15s: 0.00591647s/event

== Event 43200 finish == 4min 16s: 0.00592593s/event

== Event 43300 finish == 4min 16s: 0.00591224s/event

== Event 43400 finish == 4min 17s: 0.00592166s/event

== Event 43500 finish == 4min 18s: 0.00593103s/event

== Event 43600 finish == 4min 18s: 0.00591743s/event

== Event 43700 finish == 4min 19s: 0.00592677s/event

== Event 43800 finish == 4min 20s: 0.00593607s/event

== Event 43900 finish == 4min 21s: 0.00594533s/event

== Event 44000 finish == 4min 21s: 0.00593182s/event

== Event 44100 finish == 4min 22s: 0.00594104s/event

== Event 44200 finish == 4min 23s: 0.00595023s/event

== Event 44300 finish == 4min 23s: 0.00593679s/event

== Event 44400 finish == 4min 24s: 0.00594595s/event

== Event 44500 finish == 4min 24s: 0.00593258s/event
St_db_Maker:INFO  -  +++ New RunNumber found=19133025 (previous = 19133023)
St_db_Maker:INFO  - *********** Event Info **********************
St_db_Maker:INFO  - 	Run: 	19133025  Event   303  TimeStamp 20180513.115653  Bunch 0:0
St_db_Maker:INFO  - 	 EvtSize: 0 	InpTrig:    0 OutTrig:    0
St_db_Maker:INFO  - *********************************************

== Event 44600 finish == 4min 25s: 0.0059417s/event

== Event 44700 finish == 4min 26s: 0.00595078s/event

== Event 44800 finish == 4min 27s: 0.00595982s/event

== Event 44900 finish == 4min 27s: 0.00594655s/event

== Event 45000 finish == 4min 28s: 0.00595556s/event

== Event 45100 finish == 4min 29s: 0.00596452s/event

== Event 45200 finish == 4min 30s: 0.00597345s/event

== Event 45300 finish == 4min 30s: 0.00596026s/event

== Event 45400 finish == 4min 31s: 0.00596916s/event

== Event 45500 finish == 4min 32s: 0.00597802s/event

== Event 45600 finish == 4min 32s: 0.00596491s/event

== Event 45700 finish == 4min 33s: 0.00597374s/event

== Event 45800 finish == 4min 33s: 0.0059607s/event

== Event 45900 finish == 4min 34s: 0.0059695s/event

== Event 46000 finish == 4min 35s: 0.00597826s/event

== Event 46100 finish == 4min 35s: 0.00596529s/event

== Event 46200 finish == 4min 36s: 0.00597403s/event

== Event 46300 finish == 4min 37s: 0.00598272s/event

== Event 46400 finish == 4min 37s: 0.00596983s/event

== Event 46500 finish == 4min 38s: 0.00597849s/event

== Event 46600 finish == 4min 39s: 0.00598712s/event

== Event 46700 finish == 4min 39s: 0.0059743s/event

== Event 46800 finish == 4min 40s: 0.00598291s/event

== Event 46900 finish == 4min 41s: 0.00599147s/event

== Event 47000 finish == 4min 41s: 0.00597872s/event

== Event 47100 finish == 4min 42s: 0.00598726s/event

== Event 47200 finish == 4min 43s: 0.00599576s/event

== Event 47300 finish == 4min 43s: 0.00598309s/event

== Event 47400 finish == 4min 45s: 0.00601266s/event

== Event 47500 finish == 4min 45s: 0.006s/event

== Event 47600 finish == 4min 46s: 0.0060084s/event

== Event 47700 finish == 4min 46s: 0.00599581s/event

== Event 47800 finish == 4min 47s: 0.00600418s/event

== Event 47900 finish == 4min 48s: 0.00601253s/event

== Event 48000 finish == 4min 48s: 0.006s/event

== Event 48100 finish == 4min 49s: 0.00600832s/event

== Event 48200 finish == 4min 50s: 0.0060166s/event

== Event 48300 finish == 4min 51s: 0.00602484s/event

== Event 48400 finish == 4min 51s: 0.0060124s/event

== Event 48500 finish == 4min 52s: 0.00602062s/event

== Event 48600 finish == 4min 53s: 0.00602881s/event

== Event 48700 finish == 4min 53s: 0.00601643s/event

== Event 48800 finish == 4min 54s: 0.00602459s/event

== Event 48900 finish == 4min 55s: 0.00603272s/event

== Event 49000 finish == 4min 56s: 0.00604082s/event

== Event 49100 finish == 4min 56s: 0.00602851s/event

== Event 49200 finish == 4min 57s: 0.00603659s/event

== Event 49300 finish == 4min 58s: 0.00604462s/event

== Event 49400 finish == 4min 58s: 0.00603239s/event

== Event 49500 finish == 4min 59s: 0.0060404s/event

== Event 49600 finish == 5min 0s: 0.00604839s/event

== Event 49700 finish == 5min 0s: 0.00603622s/event

== Event 49800 finish == 5min 1s: 0.00604418s/event

== Event 49900 finish == 5min 1s: 0.00603206s/event

== Event 50000 finish == 5min 2s: 0.00604s/event

== Event 50100 finish == 5min 3s: 0.0060479s/event

== Event 50200 finish == 5min 3s: 0.00603586s/event

== Event 50300 finish == 5min 4s: 0.00604374s/event

== Event 50400 finish == 5min 5s: 0.00605159s/event

== Event 50500 finish == 5min 5s: 0.0060396s/event

== Event 50600 finish == 5min 6s: 0.00604743s/event

== Event 50700 finish == 5min 6s: 0.0060355s/event

== Event 50800 finish == 5min 7s: 0.00604331s/event

== Event 50900 finish == 5min 8s: 0.00605108s/event

== Event 51000 finish == 5min 9s: 0.00605882s/event

== Event 51100 finish == 5min 9s: 0.00604697s/event

== Event 51200 finish == 5min 10s: 0.00605469s/event

== Event 51300 finish == 5min 11s: 0.00606238s/event

== Event 51400 finish == 5min 12s: 0.00607004s/event

== Event 51500 finish == 5min 12s: 0.00605825s/event

== Event 51600 finish == 5min 13s: 0.00606589s/event

== Event 51700 finish == 5min 14s: 0.0060735s/event

== Event 51800 finish == 5min 15s: 0.00608108s/event

== Event 51900 finish == 5min 15s: 0.00606936s/event

== Event 52000 finish == 5min 16s: 0.00607692s/event

== Event 52100 finish == 5min 17s: 0.00608445s/event

== Event 52200 finish == 5min 18s: 0.00609195s/event

== Event 52300 finish == 5min 18s: 0.00608031s/event

== Event 52400 finish == 5min 19s: 0.00608779s/event

== Event 52500 finish == 5min 20s: 0.00609524s/event

== Event 52600 finish == 5min 20s: 0.00608365s/event

== Event 52700 finish == 5min 21s: 0.00609108s/event

== Event 52800 finish == 5min 22s: 0.00609848s/event

== Event 52900 finish == 5min 22s: 0.00608696s/event

== Event 53000 finish == 5min 23s: 0.00609434s/event

== Event 53100 finish == 5min 24s: 0.00610169s/event

== Event 53200 finish == 5min 24s: 0.00609023s/event

== Event 53300 finish == 5min 25s: 0.00609756s/event

== Event 53400 finish == 5min 25s: 0.00608614s/event

== Event 53500 finish == 5min 26s: 0.00609346s/event

== Event 53600 finish == 5min 26s: 0.00608209s/event

== Event 53700 finish == 5min 27s: 0.00608939s/event

== Event 53800 finish == 5min 28s: 0.00609665s/event

== Event 53900 finish == 5min 28s: 0.00608534s/event

== Event 54000 finish == 5min 29s: 0.00609259s/event

== Event 54100 finish == 5min 29s: 0.00608133s/event

== Event 54200 finish == 5min 30s: 0.00608856s/event

== Event 54300 finish == 5min 30s: 0.00607735s/event

== Event 54400 finish == 5min 31s: 0.00608456s/event

== Event 54500 finish == 5min 32s: 0.00609174s/event

== Event 54600 finish == 5min 33s: 0.0060989s/event

== Event 54700 finish == 5min 34s: 0.00610603s/event

== Event 54800 finish == 5min 34s: 0.00609489s/event

== Event 54900 finish == 5min 35s: 0.006102s/event

== Event 55000 finish == 5min 35s: 0.00609091s/event

== Event 55100 finish == 5min 36s: 0.006098s/event

== Event 55200 finish == 5min 36s: 0.00608696s/event

== Event 55300 finish == 5min 37s: 0.00609403s/event

== Event 55400 finish == 5min 38s: 0.00610108s/event

== Event 55500 finish == 5min 38s: 0.00609009s/event

== Event 55600 finish == 5min 39s: 0.00609712s/event

== Event 55700 finish == 5min 40s: 0.00610413s/event

== Event 55800 finish == 5min 41s: 0.00611111s/event

== Event 55900 finish == 5min 41s: 0.00610018s/event

== Event 56000 finish == 5min 42s: 0.00610714s/event

== Event 56100 finish == 5min 43s: 0.00611408s/event

== Event 56200 finish == 5min 43s: 0.0061032s/event

== Event 56300 finish == 5min 44s: 0.00611012s/event

== Event 56400 finish == 5min 45s: 0.00611702s/event

== Event 56500 finish == 5min 45s: 0.00610619s/event

== Event 56600 finish == 5min 46s: 0.00611307s/event

== Event 56700 finish == 5min 47s: 0.00611993s/event

== Event 56800 finish == 5min 47s: 0.00610915s/event

== Event 56900 finish == 5min 48s: 0.00611599s/event

== Event 57000 finish == 5min 49s: 0.00612281s/event

== Event 57100 finish == 5min 50s: 0.0061296s/event

== Event 57200 finish == 5min 50s: 0.00611888s/event

== Event 57300 finish == 5min 51s: 0.00612565s/event

== Event 57400 finish == 5min 51s: 0.00611498s/event

== Event 57500 finish == 5min 52s: 0.00612174s/event

== Event 57600 finish == 5min 52s: 0.00611111s/event

== Event 57700 finish == 5min 53s: 0.00611785s/event

== Event 57800 finish == 5min 54s: 0.00612457s/event

== Event 57900 finish == 5min 54s: 0.00611399s/event

== Event 58000 finish == 5min 55s: 0.00612069s/event

== Event 58100 finish == 5min 55s: 0.00611015s/event

== Event 58200 finish == 5min 56s: 0.00611684s/event

== Event 58300 finish == 5min 57s: 0.0061235s/event

== Event 58400 finish == 5min 58s: 0.00613014s/event

== Event 58500 finish == 5min 58s: 0.00611966s/event

== Event 58600 finish == 5min 59s: 0.00612628s/event

== Event 58700 finish == 6min 0s: 0.00613288s/event

== Event 58800 finish == 6min 1s: 0.00613946s/event

== Event 58900 finish == 6min 2s: 0.00614601s/event

== Event 59000 finish == 6min 2s: 0.00613559s/event

== Event 59100 finish == 6min 3s: 0.00614213s/event

== Event 59200 finish == 6min 4s: 0.00614865s/event

== Event 59300 finish == 6min 4s: 0.00613828s/event

== Event 59400 finish == 6min 5s: 0.00614478s/event

== Event 59500 finish == 6min 6s: 0.00615126s/event

== Event 59600 finish == 6min 7s: 0.00615772s/event

== Event 59700 finish == 6min 7s: 0.0061474s/event

== Event 59800 finish == 6min 8s: 0.00615385s/event

== Event 59900 finish == 6min 8s: 0.00614357s/event

== Event 60000 finish == 6min 9s: 0.00615s/event

== Event 60100 finish == 6min 10s: 0.00615641s/event

== Event 60200 finish == 6min 10s: 0.00614618s/event

== Event 60300 finish == 6min 11s: 0.00615257s/event

== Event 60400 finish == 6min 11s: 0.00614238s/event

== Event 60500 finish == 6min 12s: 0.00614876s/event

== Event 60600 finish == 6min 13s: 0.00615512s/event

== Event 60700 finish == 6min 13s: 0.00614498s/event

== Event 60800 finish == 6min 14s: 0.00615132s/event

== Event 60900 finish == 6min 14s: 0.00614122s/event

== Event 61000 finish == 6min 15s: 0.00614754s/event

== Event 61100 finish == 6min 16s: 0.00615385s/event

== Event 61200 finish == 6min 16s: 0.00614379s/event

== Event 61300 finish == 6min 17s: 0.00615008s/event

== Event 61400 finish == 6min 18s: 0.00615635s/event

== Event 61500 finish == 6min 18s: 0.00614634s/event

== Event 61600 finish == 6min 19s: 0.0061526s/event

== Event 61700 finish == 6min 20s: 0.00615883s/event

== Event 61800 finish == 6min 21s: 0.00616505s/event

== Event 61900 finish == 6min 21s: 0.00615509s/event

== Event 62000 finish == 6min 22s: 0.00616129s/event

== Event 62100 finish == 6min 22s: 0.00615137s/event

== Event 62200 finish == 6min 23s: 0.00615756s/event

== Event 62300 finish == 6min 23s: 0.00614767s/event

== Event 62400 finish == 6min 24s: 0.00615385s/event

== Event 62500 finish == 6min 25s: 0.00616s/event

== Event 62600 finish == 6min 25s: 0.00615016s/event

== Event 62700 finish == 6min 26s: 0.0061563s/event

== Event 62800 finish == 6min 26s: 0.0061465s/event

== Event 62900 finish == 6min 27s: 0.00615262s/event

== Event 63000 finish == 6min 27s: 0.00614286s/event

== Event 63100 finish == 6min 28s: 0.00614897s/event

== Event 63200 finish == 6min 28s: 0.00613924s/event

== Event 63300 finish == 6min 29s: 0.00614534s/event

== Event 63400 finish == 6min 29s: 0.00613565s/event

== Event 63500 finish == 6min 30s: 0.00614173s/event

== Event 63600 finish == 6min 31s: 0.0061478s/event

== Event 63700 finish == 6min 32s: 0.00615385s/event

== Event 63800 finish == 6min 32s: 0.0061442s/event

== Event 63900 finish == 6min 33s: 0.00615023s/event

== Event 64000 finish == 6min 33s: 0.00614063s/event

== Event 64100 finish == 6min 34s: 0.00614665s/event

== Event 64200 finish == 6min 35s: 0.00615265s/event

== Event 64300 finish == 6min 36s: 0.00615863s/event

== Event 64400 finish == 6min 36s: 0.00614907s/event

== Event 64500 finish == 6min 37s: 0.00615504s/event

== Event 64600 finish == 6min 37s: 0.00614551s/event

== Event 64700 finish == 6min 38s: 0.00615147s/event

== Event 64800 finish == 6min 38s: 0.00614198s/event

== Event 64900 finish == 6min 39s: 0.00614792s/event

== Event 65000 finish == 6min 40s: 0.00615385s/event

== Event 65100 finish == 6min 40s: 0.00614439s/event

== Event 65200 finish == 6min 41s: 0.00615031s/event

== Event 65300 finish == 6min 42s: 0.0061562s/event

== Event 65400 finish == 6min 43s: 0.00616208s/event

== Event 65500 finish == 6min 43s: 0.00615267s/event

== Event 65600 finish == 6min 43s: 0.00614329s/event

== Event 65700 finish == 6min 44s: 0.00614916s/event

== Event 65800 finish == 6min 45s: 0.00615502s/event

== Event 65900 finish == 6min 46s: 0.00616085s/event

== Event 66000 finish == 6min 47s: 0.00616667s/event

== Event 66100 finish == 6min 47s: 0.00615734s/event

== Event 66200 finish == 6min 48s: 0.00616314s/event

== Event 66300 finish == 6min 49s: 0.00616893s/event

== Event 66400 finish == 6min 50s: 0.0061747s/event

== Event 66500 finish == 6min 50s: 0.00616541s/event

== Event 66600 finish == 6min 51s: 0.00617117s/event

== Event 66700 finish == 6min 52s: 0.00617691s/event

== Event 66800 finish == 6min 53s: 0.00618263s/event

== Event 66900 finish == 6min 53s: 0.00617339s/event

== Event 67000 finish == 6min 54s: 0.0061791s/event

== Event 67100 finish == 6min 54s: 0.0061699s/event

== Event 67200 finish == 6min 55s: 0.0061756s/event

== Event 67300 finish == 6min 56s: 0.00618128s/event

== Event 67400 finish == 6min 56s: 0.00617211s/event

== Event 67500 finish == 6min 57s: 0.00617778s/event

== Event 67600 finish == 6min 58s: 0.00618343s/event

== Event 67700 finish == 6min 58s: 0.0061743s/event

== Event 67800 finish == 6min 59s: 0.00617994s/event

== Event 67900 finish == 7min 0s: 0.00618557s/event

== Event 68000 finish == 7min 1s: 0.00619118s/event

== Event 68100 finish == 7min 1s: 0.00618209s/event

== Event 68200 finish == 7min 2s: 0.00618768s/event

== Event 68300 finish == 7min 2s: 0.00617862s/event

== Event 68400 finish == 7min 3s: 0.00618421s/event

== Event 68500 finish == 7min 3s: 0.00617518s/event

== Event 68600 finish == 7min 5s: 0.00619534s/event

== Event 68700 finish == 7min 5s: 0.00618632s/event

== Event 68800 finish == 7min 6s: 0.00619186s/event

== Event 68900 finish == 7min 7s: 0.00619739s/event

== Event 69000 finish == 7min 7s: 0.00618841s/event

== Event 69100 finish == 7min 8s: 0.00619392s/event

== Event 69200 finish == 7min 9s: 0.00619942s/event

== Event 69300 finish == 7min 9s: 0.00619048s/event

== Event 69400 finish == 7min 10s: 0.00619597s/event

== Event 69500 finish == 7min 10s: 0.00618705s/event

== Event 69600 finish == 7min 11s: 0.00619253s/event

== Event 69700 finish == 7min 12s: 0.00619799s/event

== Event 69800 finish == 7min 12s: 0.00618911s/event

== Event 69900 finish == 7min 13s: 0.00619456s/event

== Event 70000 finish == 7min 13s: 0.00618571s/event

== Event 70100 finish == 7min 14s: 0.00619116s/event

== Event 70200 finish == 7min 15s: 0.00619658s/event

== Event 70300 finish == 7min 15s: 0.00618777s/event

== Event 70400 finish == 7min 16s: 0.00619318s/event

== Event 70500 finish == 7min 17s: 0.00619858s/event

== Event 70600 finish == 7min 17s: 0.0061898s/event

== Event 70700 finish == 7min 18s: 0.00619519s/event

== Event 70800 finish == 7min 18s: 0.00618644s/event

== Event 70900 finish == 7min 19s: 0.00619182s/event

== Event 71000 finish == 7min 19s: 0.0061831s/event

== Event 71100 finish == 7min 20s: 0.00618847s/event

== Event 71200 finish == 7min 20s: 0.00617978s/event

== Event 71300 finish == 7min 21s: 0.00618513s/event

== Event 71400 finish == 7min 22s: 0.00619048s/event

== Event 71500 finish == 7min 22s: 0.00618182s/event

== Event 71600 finish == 7min 23s: 0.00618715s/event

== Event 71700 finish == 7min 23s: 0.00617852s/event

== Event 71800 finish == 7min 24s: 0.00618384s/event

== Event 71900 finish == 7min 25s: 0.00618915s/event

== Event 72000 finish == 7min 25s: 0.00618056s/event

== Event 72100 finish == 7min 26s: 0.00618585s/event

== Event 72200 finish == 7min 26s: 0.00617729s/event

== Event 72300 finish == 7min 27s: 0.00618257s/event

== Event 72400 finish == 7min 28s: 0.00618785s/event

== Event 72500 finish == 7min 29s: 0.0061931s/event

== Event 72600 finish == 7min 29s: 0.00618457s/event

== Event 72700 finish == 7min 30s: 0.00618982s/event
St_db_Maker:INFO  -  +++ New RunNumber found=19133026 (previous = 19133025)
St_db_Maker:INFO  - *********** Event Info **********************
St_db_Maker:INFO  - 	Run: 	19133026  Event 3060429  TimeStamp 20180513.125501  Bunch 0:0
St_db_Maker:INFO  - 	 EvtSize: 0 	InpTrig:    0 OutTrig:    0
St_db_Maker:INFO  - *********************************************

== Event 72800 finish == 7min 31s: 0.00619505s/event

== Event 72900 finish == 7min 32s: 0.00620027s/event

== Event 73000 finish == 7min 32s: 0.00619178s/event

== Event 73100 finish == 7min 33s: 0.00619699s/event

== Event 73200 finish == 7min 34s: 0.00620219s/event

== Event 73300 finish == 7min 34s: 0.00619372s/event

== Event 73400 finish == 7min 35s: 0.00619891s/event

== Event 73500 finish == 7min 36s: 0.00620408s/event

== Event 73600 finish == 7min 36s: 0.00619565s/event

== Event 73700 finish == 7min 37s: 0.00620081s/event

== Event 73800 finish == 7min 38s: 0.00620596s/event

== Event 73900 finish == 7min 38s: 0.00619756s/event

== Event 74000 finish == 7min 39s: 0.0062027s/event

== Event 74100 finish == 7min 40s: 0.00620783s/event

== Event 74200 finish == 7min 40s: 0.00619946s/event

== Event 74300 finish == 7min 41s: 0.00620458s/event

== Event 74400 finish == 7min 42s: 0.00620968s/event

== Event 74500 finish == 7min 43s: 0.00621477s/event

== Event 74600 finish == 7min 43s: 0.00620643s/event

== Event 74700 finish == 7min 44s: 0.00621151s/event

== Event 74800 finish == 7min 45s: 0.00621658s/event
St_db_Maker:INFO  -  +++ New RunNumber found=19133027 (previous = 19133026)
St_db_Maker:INFO  - *********** Event Info **********************
St_db_Maker:INFO  - 	Run: 	19133027  Event 380584  TimeStamp 20180513.130129  Bunch 0:0
St_db_Maker:INFO  - 	 EvtSize: 0 	InpTrig:    0 OutTrig:    0
St_db_Maker:INFO  - *********************************************
StKFParticleAnalysisMaker:INFO  - TVector3::PseudoRapidity : transvers momentum = 0! return +/- 10e10

== Event 74900 finish == 7min 45s: 0.00620828s/event

== Event 75000 finish == 7min 46s: 0.00621333s/event

== Event 75100 finish == 7min 46s: 0.00620506s/event

== Event 75200 finish == 7min 47s: 0.00621011s/event

== Event 75300 finish == 7min 47s: 0.00620186s/event

== Event 75400 finish == 7min 48s: 0.0062069s/event

== Event 75500 finish == 7min 49s: 0.00621192s/event

== Event 75600 finish == 7min 50s: 0.00621693s/event

== Event 75700 finish == 7min 50s: 0.00620872s/event

== Event 75800 finish == 7min 51s: 0.00621372s/event

== Event 75900 finish == 7min 52s: 0.00621871s/event

== Event 76000 finish == 7min 52s: 0.00621053s/event

== Event 76100 finish == 7min 53s: 0.00621551s/event

== Event 76200 finish == 7min 53s: 0.00620735s/event

== Event 76300 finish == 7min 54s: 0.00621232s/event

== Event 76400 finish == 7min 54s: 0.00620419s/event

== Event 76500 finish == 7min 55s: 0.00620915s/event

== Event 76600 finish == 7min 55s: 0.00620104s/event

== Event 76700 finish == 7min 56s: 0.006206s/event

== Event 76800 finish == 7min 57s: 0.00621094s/event

== Event 76900 finish == 7min 57s: 0.00620286s/event

== Event 77000 finish == 7min 58s: 0.00620779s/event

== Event 77100 finish == 7min 58s: 0.00619974s/event

== Event 77200 finish == 7min 59s: 0.00620466s/event

== Event 77300 finish == 8min 0s: 0.00620957s/event

== Event 77400 finish == 8min 1s: 0.00621447s/event

== Event 77500 finish == 8min 1s: 0.00620645s/event

== Event 77600 finish == 8min 2s: 0.00621134s/event

== Event 77700 finish == 8min 2s: 0.00620335s/event

== Event 77800 finish == 8min 3s: 0.00620823s/event

== Event 77900 finish == 8min 4s: 0.00621309s/event

== Event 78000 finish == 8min 4s: 0.00620513s/event

== Event 78100 finish == 8min 5s: 0.00620999s/event

== Event 78200 finish == 8min 6s: 0.00621483s/event

== Event 78300 finish == 8min 6s: 0.0062069s/event

== Event 78400 finish == 8min 7s: 0.00621173s/event

== Event 78500 finish == 8min 8s: 0.00621656s/event

== Event 78600 finish == 8min 8s: 0.00620865s/event

== Event 78700 finish == 8min 9s: 0.00621347s/event

== Event 78800 finish == 8min 10s: 0.00621827s/event

== Event 78900 finish == 8min 10s: 0.00621039s/event

== Event 79000 finish == 8min 11s: 0.00621519s/event

== Event 79100 finish == 8min 11s: 0.00620733s/event

== Event 79200 finish == 8min 12s: 0.00621212s/event

== Event 79300 finish == 8min 13s: 0.0062169s/event

== Event 79400 finish == 8min 14s: 0.00622166s/event

== Event 79500 finish == 8min 14s: 0.00621384s/event

== Event 79600 finish == 8min 15s: 0.00621859s/event

== Event 79700 finish == 8min 16s: 0.00622334s/event

== Event 79800 finish == 8min 16s: 0.00621554s/event

== Event 79900 finish == 8min 17s: 0.00622028s/event

== Event 80000 finish == 8min 18s: 0.006225s/event

== Event 80100 finish == 8min 19s: 0.00622971s/event

== Event 80200 finish == 8min 20s: 0.00623441s/event

== Event 80300 finish == 8min 20s: 0.00622665s/event

== Event 80400 finish == 8min 21s: 0.00623134s/event

== Event 80500 finish == 8min 21s: 0.0062236s/event

== Event 80600 finish == 8min 22s: 0.00622829s/event

== Event 80700 finish == 8min 23s: 0.00623296s/event

== Event 80800 finish == 8min 23s: 0.00622525s/event

== Event 80900 finish == 8min 24s: 0.00622991s/event

== Event 81000 finish == 8min 25s: 0.00623457s/event

== Event 81100 finish == 8min 25s: 0.00622688s/event

== Event 81200 finish == 8min 26s: 0.00623153s/event

== Event 81300 finish == 8min 27s: 0.00623616s/event

== Event 81400 finish == 8min 28s: 0.00624079s/event

== Event 81500 finish == 8min 28s: 0.00623313s/event

== Event 81600 finish == 8min 29s: 0.00623775s/event

== Event 81700 finish == 8min 30s: 0.00624235s/event

== Event 81800 finish == 8min 31s: 0.00624694s/event

== Event 81900 finish == 8min 31s: 0.00623932s/event

== Event 82000 finish == 8min 32s: 0.0062439s/event

== Event 82100 finish == 8min 33s: 0.00624848s/event

== Event 82200 finish == 8min 33s: 0.00624088s/event

== Event 82300 finish == 8min 34s: 0.00624544s/event

== Event 82400 finish == 8min 35s: 0.00625s/event

== Event 82500 finish == 8min 35s: 0.00624242s/event

== Event 82600 finish == 8min 36s: 0.00624697s/event

== Event 82700 finish == 8min 37s: 0.00625151s/event

== Event 82800 finish == 8min 37s: 0.00624396s/event

== Event 82900 finish == 8min 38s: 0.00624849s/event

== Event 83000 finish == 8min 39s: 0.00625301s/event

== Event 83100 finish == 8min 40s: 0.00625752s/event

== Event 83200 finish == 8min 40s: 0.00625s/event

== Event 83300 finish == 8min 41s: 0.0062545s/event

== Event 83400 finish == 8min 41s: 0.006247s/event

== Event 83500 finish == 8min 42s: 0.0062515s/event

== Event 83600 finish == 8min 43s: 0.00625598s/event

== Event 83700 finish == 8min 43s: 0.00624851s/event

== Event 83800 finish == 8min 44s: 0.00625298s/event

== Event 83900 finish == 8min 45s: 0.00625745s/event

== Event 84000 finish == 8min 45s: 0.00625s/event

== Event 84100 finish == 8min 46s: 0.00625446s/event

== Event 84200 finish == 8min 46s: 0.00624703s/event

== Event 84300 finish == 8min 47s: 0.00625148s/event

== Event 84400 finish == 8min 47s: 0.00624408s/event

== Event 84500 finish == 8min 48s: 0.00624852s/event

== Event 84600 finish == 8min 48s: 0.00624113s/event

== Event 84700 finish == 8min 49s: 0.00624557s/event

== Event 84800 finish == 8min 50s: 0.00625s/event

== Event 84900 finish == 8min 51s: 0.00625442s/event

== Event 85000 finish == 8min 51s: 0.00624706s/event

== Event 85100 finish == 8min 52s: 0.00625147s/event

== Event 85200 finish == 8min 53s: 0.00625587s/event

== Event 85300 finish == 8min 54s: 0.00626026s/event

== Event 85400 finish == 8min 54s: 0.00625293s/event

== Event 85500 finish == 8min 55s: 0.00625731s/event

== Event 85600 finish == 8min 56s: 0.00626168s/event

== Event 85700 finish == 8min 57s: 0.00626604s/event

== Event 85800 finish == 8min 57s: 0.00625874s/event

== Event 85900 finish == 8min 58s: 0.0062631s/event

== Event 86000 finish == 8min 58s: 0.00625581s/event

== Event 86100 finish == 8min 59s: 0.00626016s/event

== Event 86200 finish == 9min 0s: 0.0062645s/event

== Event 86300 finish == 9min 0s: 0.00625724s/event

== Event 86400 finish == 9min 1s: 0.00626157s/event

== Event 86500 finish == 9min 1s: 0.00625434s/event

== Event 86600 finish == 9min 2s: 0.00625866s/event

== Event 86700 finish == 9min 2s: 0.00625144s/event

== Event 86800 finish == 9min 3s: 0.00625576s/event
St_db_Maker:INFO  -  +++ New RunNumber found=19133028 (previous = 19133027)
St_db_Maker:INFO  - *********** Event Info **********************
St_db_Maker:INFO  - 	Run: 	19133028  Event 503623  TimeStamp 20180513.133505  Bunch 0:0
St_db_Maker:INFO  - 	 EvtSize: 0 	InpTrig:    0 OutTrig:    0
St_db_Maker:INFO  - *********************************************

== Event 86900 finish == 9min 4s: 0.00626007s/event

== Event 87000 finish == 9min 5s: 0.00626437s/event

== Event 87100 finish == 9min 5s: 0.00625718s/event

== Event 87200 finish == 9min 6s: 0.00626147s/event

== Event 87300 finish == 9min 6s: 0.0062543s/event

== Event 87400 finish == 9min 7s: 0.00625858s/event

== Event 87500 finish == 9min 8s: 0.00626286s/event

== Event 87600 finish == 9min 9s: 0.00626712s/event

== Event 87700 finish == 9min 10s: 0.00627138s/event

== Event 87800 finish == 9min 10s: 0.00626424s/event

== Event 87900 finish == 9min 11s: 0.00626849s/event

== Event 88000 finish == 9min 12s: 0.00627273s/event

== Event 88100 finish == 9min 12s: 0.00626561s/event

== Event 88200 finish == 9min 13s: 0.00626984s/event

== Event 88300 finish == 9min 14s: 0.00627407s/event

== Event 88400 finish == 9min 15s: 0.00627828s/event

== Event 88500 finish == 9min 15s: 0.00627119s/event

== Event 88600 finish == 9min 16s: 0.0062754s/event

== Event 88700 finish == 9min 16s: 0.00626832s/event

== Event 88800 finish == 9min 17s: 0.00627252s/event

== Event 88900 finish == 9min 18s: 0.00627672s/event

== Event 89000 finish == 9min 19s: 0.0062809s/event

== Event 89100 finish == 9min 19s: 0.00627385s/event

== Event 89200 finish == 9min 20s: 0.00627803s/event

== Event 89300 finish == 9min 20s: 0.006271s/event

== Event 89400 finish == 9min 21s: 0.00627517s/event

== Event 89500 finish == 9min 22s: 0.00627933s/event

== Event 89600 finish == 9min 22s: 0.00627232s/event

== Event 89700 finish == 9min 23s: 0.00627648s/event

== Event 89800 finish == 9min 23s: 0.00626949s/event

== Event 89900 finish == 9min 24s: 0.00627364s/event

== Event 90000 finish == 9min 25s: 0.00627778s/event

== Event 90100 finish == 9min 26s: 0.00628191s/event

== Event 90200 finish == 9min 27s: 0.00628603s/event

== Event 90300 finish == 9min 28s: 0.00629014s/event

== Event 90400 finish == 9min 28s: 0.00628319s/event

== Event 90500 finish == 9min 29s: 0.00628729s/event

== Event 90600 finish == 9min 30s: 0.00629139s/event

== Event 90700 finish == 9min 31s: 0.00629548s/event

== Event 90800 finish == 9min 31s: 0.00628855s/event

== Event 90900 finish == 9min 32s: 0.00629263s/event

== Event 91000 finish == 9min 32s: 0.00628571s/event

== Event 91100 finish == 9min 33s: 0.00628979s/event

== Event 91200 finish == 9min 34s: 0.00629386s/event

== Event 91300 finish == 9min 34s: 0.00628697s/event

== Event 91400 finish == 9min 35s: 0.00629103s/event

== Event 91500 finish == 9min 35s: 0.00628415s/event

== Event 91600 finish == 9min 36s: 0.00628821s/event

== Event 91700 finish == 9min 36s: 0.00628135s/event

== Event 91800 finish == 9min 37s: 0.0062854s/event

== Event 91900 finish == 9min 38s: 0.00628945s/event

== Event 92000 finish == 9min 38s: 0.00628261s/event

== Event 92100 finish == 9min 39s: 0.00628664s/event

== Event 92200 finish == 9min 40s: 0.00629067s/event

== Event 92300 finish == 9min 41s: 0.00629469s/event

== Event 92400 finish == 9min 42s: 0.0062987s/event

== Event 92500 finish == 9min 42s: 0.00629189s/event

== Event 92600 finish == 9min 43s: 0.0062959s/event

== Event 92700 finish == 9min 43s: 0.0062891s/event

== Event 92800 finish == 9min 44s: 0.0062931s/event

== Event 92900 finish == 9min 44s: 0.00628633s/event

== Event 93000 finish == 9min 45s: 0.00629032s/event

== Event 93100 finish == 9min 46s: 0.00629431s/event

== Event 93200 finish == 9min 46s: 0.00628755s/event

== Event 93300 finish == 9min 47s: 0.00629153s/event

== Event 93400 finish == 9min 48s: 0.0062955s/event

== Event 93500 finish == 9min 48s: 0.00628877s/event

== Event 93600 finish == 9min 49s: 0.00629274s/event

== Event 93700 finish == 9min 50s: 0.00629669s/event

== Event 93800 finish == 9min 50s: 0.00628998s/event

== Event 93900 finish == 9min 51s: 0.00629393s/event

== Event 94000 finish == 9min 52s: 0.00629787s/event

== Event 94100 finish == 9min 52s: 0.00629118s/event

== Event 94200 finish == 9min 53s: 0.00629512s/event

== Event 94300 finish == 9min 54s: 0.00629905s/event

== Event 94400 finish == 9min 55s: 0.00630297s/event

== Event 94500 finish == 9min 56s: 0.00630688s/event

== Event 94600 finish == 9min 56s: 0.00630021s/event

== Event 94700 finish == 9min 57s: 0.00630412s/event

== Event 94800 finish == 9min 58s: 0.00630802s/event

== Event 94900 finish == 9min 58s: 0.00630137s/event

== Event 95000 finish == 9min 59s: 0.00630526s/event

== Event 95100 finish == 10min 0s: 0.00630915s/event

== Event 95200 finish == 10min 0s: 0.00630252s/event

== Event 95300 finish == 10min 1s: 0.0063064s/event

== Event 95400 finish == 10min 1s: 0.00629979s/event

== Event 95500 finish == 10min 2s: 0.00630366s/event

== Event 95600 finish == 10min 3s: 0.00630753s/event

== Event 95700 finish == 10min 3s: 0.00630094s/event

== Event 95800 finish == 10min 4s: 0.0063048s/event

== Event 95900 finish == 10min 4s: 0.00629823s/event

== Event 96000 finish == 10min 5s: 0.00630208s/event

== Event 96100 finish == 10min 5s: 0.00629553s/event

== Event 96200 finish == 10min 6s: 0.00629938s/event

== Event 96300 finish == 10min 7s: 0.00630322s/event

== Event 96400 finish == 10min 8s: 0.00630705s/event

== Event 96500 finish == 10min 8s: 0.00630052s/event

== Event 96600 finish == 10min 9s: 0.00630435s/event

== Event 96700 finish == 10min 9s: 0.00629783s/event

== Event 96800 finish == 10min 10s: 0.00630165s/event

== Event 96900 finish == 10min 11s: 0.00630547s/event

== Event 97000 finish == 10min 11s: 0.00629897s/event

== Event 97100 finish == 10min 12s: 0.00630278s/event

== Event 97200 finish == 10min 12s: 0.0062963s/event

== Event 97300 finish == 10min 13s: 0.0063001s/event

== Event 97400 finish == 10min 14s: 0.0063039s/event

== Event 97500 finish == 10min 15s: 0.00630769s/event

== Event 97600 finish == 10min 15s: 0.00630123s/event

== Event 97700 finish == 10min 16s: 0.00630502s/event

== Event 97800 finish == 10min 17s: 0.00630879s/event

== Event 97900 finish == 10min 17s: 0.00630235s/event

== Event 98000 finish == 10min 18s: 0.00630612s/event

== Event 98100 finish == 10min 19s: 0.00630989s/event

== Event 98200 finish == 10min 19s: 0.00630346s/event

== Event 98300 finish == 10min 20s: 0.00630722s/event
St_db_Maker:INFO  -  +++ New RunNumber found=19133030 (previous = 19133028)
St_db_Maker:INFO  - *********** Event Info **********************
St_db_Maker:INFO  - 	Run: 	19133030  Event 3653194  TimeStamp 20180513.145113  Bunch 0:0
St_db_Maker:INFO  - 	 EvtSize: 0 	InpTrig:    0 OutTrig:    0
St_db_Maker:INFO  - *********************************************

== Event 98400 finish == 10min 21s: 0.00631098s/event

== Event 98500 finish == 10min 21s: 0.00630457s/event

== Event 98600 finish == 10min 22s: 0.00630832s/event

== Event 98700 finish == 10min 22s: 0.00630193s/event

== Event 98800 finish == 10min 23s: 0.00630567s/event

== Event 98900 finish == 10min 24s: 0.0063094s/event

== Event 99000 finish == 10min 24s: 0.00630303s/event

== Event 99100 finish == 10min 25s: 0.00630676s/event

== Event 99200 finish == 10min 26s: 0.00631048s/event

== Event 99300 finish == 10min 27s: 0.0063142s/event

== Event 99400 finish == 10min 27s: 0.00630785s/event

== Event 99500 finish == 10min 28s: 0.00631156s/event

== Event 99600 finish == 10min 28s: 0.00630522s/event

== Event 99700 finish == 10min 29s: 0.00630893s/event

== Event 99800 finish == 10min 30s: 0.00631263s/event

== Event 99900 finish == 10min 31s: 0.00631632s/event

== Event 100000 finish == 10min 31s: 0.00631s/event

== Event 100100 finish == 10min 32s: 0.00631369s/event

== Event 100200 finish == 10min 32s: 0.00630739s/event

== Event 100300 finish == 10min 33s: 0.00631107s/event

== Event 100400 finish == 10min 34s: 0.00631474s/event

== Event 100500 finish == 10min 34s: 0.00630846s/event

== Event 100600 finish == 10min 35s: 0.00631213s/event

== Event 100700 finish == 10min 35s: 0.00630586s/event

== Event 100800 finish == 10min 36s: 0.00630952s/event

== Event 100900 finish == 10min 37s: 0.00631318s/event

== Event 101000 finish == 10min 38s: 0.00631683s/event

== Event 101100 finish == 10min 38s: 0.00631058s/event

== Event 101200 finish == 10min 39s: 0.00631423s/event

== Event 101300 finish == 10min 39s: 0.006308s/event

== Event 101400 finish == 10min 40s: 0.00631164s/event

== Event 101500 finish == 10min 41s: 0.00631527s/event

== Event 101600 finish == 10min 41s: 0.00630906s/event

== Event 101700 finish == 10min 42s: 0.00631268s/event

== Event 101800 finish == 10min 43s: 0.00631631s/event

== Event 101900 finish == 10min 43s: 0.00631011s/event

== Event 102000 finish == 10min 44s: 0.00631373s/event

== Event 102100 finish == 10min 45s: 0.00631734s/event

== Event 102200 finish == 10min 45s: 0.00631115s/event

== Event 102300 finish == 10min 46s: 0.00631476s/event

== Event 102400 finish == 10min 47s: 0.00631836s/event

== Event 102500 finish == 10min 48s: 0.00632195s/event

== Event 102600 finish == 10min 49s: 0.00632554s/event

== Event 102700 finish == 10min 49s: 0.00631938s/event

== Event 102800 finish == 10min 50s: 0.00632296s/event

== Event 102900 finish == 10min 50s: 0.00631681s/event

== Event 103000 finish == 10min 51s: 0.00632039s/event

== Event 103100 finish == 10min 52s: 0.00632396s/event

== Event 103200 finish == 10min 52s: 0.00631783s/event

== Event 103300 finish == 10min 53s: 0.00632139s/event

== Event 103400 finish == 10min 53s: 0.00631528s/event

== Event 103500 finish == 10min 54s: 0.00631884s/event

== Event 103600 finish == 10min 54s: 0.00631274s/event

== Event 103700 finish == 10min 55s: 0.0063163s/event

== Event 103800 finish == 10min 56s: 0.00631985s/event

== Event 103900 finish == 10min 57s: 0.00632339s/event

== Event 104000 finish == 10min 57s: 0.00631731s/event

== Event 104100 finish == 10min 58s: 0.00632085s/event

== Event 104200 finish == 10min 58s: 0.00631478s/event

== Event 104300 finish == 10min 59s: 0.00631831s/event

== Event 104400 finish == 11min 0s: 0.00632184s/event

== Event 104500 finish == 11min 0s: 0.00631579s/event

== Event 104600 finish == 11min 1s: 0.00631931s/event

== Event 104700 finish == 11min 1s: 0.00631328s/event

== Event 104800 finish == 11min 2s: 0.00631679s/event

== Event 104900 finish == 11min 2s: 0.00631077s/event

== Event 105000 finish == 11min 3s: 0.00631429s/event

== Event 105100 finish == 11min 4s: 0.00631779s/event

== Event 105200 finish == 11min 5s: 0.00632129s/event

== Event 105300 finish == 11min 5s: 0.00631529s/event

== Event 105400 finish == 11min 6s: 0.00631879s/event

== Event 105500 finish == 11min 6s: 0.0063128s/event

== Event 105600 finish == 11min 7s: 0.00631629s/event

== Event 105700 finish == 11min 7s: 0.00631031s/event

== Event 105800 finish == 11min 8s: 0.0063138s/event

== Event 105900 finish == 11min 8s: 0.00630784s/event

== Event 106000 finish == 11min 9s: 0.00631132s/event

== Event 106100 finish == 11min 9s: 0.00630537s/event

== Event 106200 finish == 11min 10s: 0.00630885s/event

== Event 106300 finish == 11min 10s: 0.00630292s/event

== Event 106400 finish == 11min 11s: 0.00630639s/event

== Event 106500 finish == 11min 12s: 0.00630986s/event

== Event 106600 finish == 11min 13s: 0.00631332s/event

== Event 106700 finish == 11min 13s: 0.0063074s/event

== Event 106800 finish == 11min 14s: 0.00631086s/event

== Event 106900 finish == 11min 15s: 0.00631431s/event

== Event 107000 finish == 11min 15s: 0.00630841s/event

== Event 107100 finish == 11min 16s: 0.00631186s/event

== Event 107200 finish == 11min 17s: 0.0063153s/event

== Event 107300 finish == 11min 18s: 0.00631873s/event

== Event 107400 finish == 11min 18s: 0.00631285s/event

== Event 107500 finish == 11min 19s: 0.00631628s/event

== Event 107600 finish == 11min 20s: 0.0063197s/event

== Event 107700 finish == 11min 20s: 0.00631383s/event

== Event 107800 finish == 11min 21s: 0.00631725s/event

== Event 107900 finish == 11min 22s: 0.00632067s/event

== Event 108000 finish == 11min 23s: 0.00632407s/event

== Event 108100 finish == 11min 23s: 0.00631822s/event

== Event 108200 finish == 11min 24s: 0.00632163s/event

== Event 108300 finish == 11min 25s: 0.00632502s/event

== Event 108400 finish == 11min 26s: 0.00632841s/event

== Event 108500 finish == 11min 27s: 0.0063318s/event

== Event 108600 finish == 11min 27s: 0.00632597s/event

== Event 108700 finish == 11min 28s: 0.00632935s/event

== Event 108800 finish == 11min 28s: 0.00632353s/event

== Event 108900 finish == 11min 29s: 0.00632691s/event

== Event 109000 finish == 11min 29s: 0.0063211s/event

== Event 109100 finish == 11min 30s: 0.00632447s/event

== Event 109200 finish == 11min 31s: 0.00632784s/event

== Event 109300 finish == 11min 31s: 0.00632205s/event

== Event 109400 finish == 11min 32s: 0.00632541s/event

== Event 109500 finish == 11min 33s: 0.00632877s/event

== Event 109600 finish == 11min 33s: 0.00632299s/event

== Event 109700 finish == 11min 34s: 0.00632634s/event

== Event 109800 finish == 11min 35s: 0.00632969s/event

== Event 109900 finish == 11min 36s: 0.00633303s/event

== Event 110000 finish == 11min 36s: 0.00632727s/event

== Event 110100 finish == 11min 37s: 0.00633061s/event

== Event 110200 finish == 11min 37s: 0.00632486s/event

== Event 110300 finish == 11min 38s: 0.0063282s/event

== Event 110400 finish == 11min 39s: 0.00633152s/event

== Event 110500 finish == 11min 40s: 0.00633484s/event

== Event 110600 finish == 11min 40s: 0.00632911s/event

== Event 110700 finish == 11min 41s: 0.00633243s/event

== Event 110800 finish == 11min 41s: 0.00632671s/event

== Event 110900 finish == 11min 42s: 0.00633003s/event

== Event 111000 finish == 11min 43s: 0.00633333s/event

== Event 111100 finish == 11min 44s: 0.00633663s/event

== Event 111200 finish == 11min 44s: 0.00633094s/event

== Event 111300 finish == 11min 45s: 0.00633423s/event

== Event 111400 finish == 11min 45s: 0.00632855s/event

== Event 111500 finish == 11min 46s: 0.00633184s/event

== Event 111600 finish == 11min 47s: 0.00633513s/event

== Event 111700 finish == 11min 48s: 0.00633841s/event

== Event 111800 finish == 11min 48s: 0.00633274s/event

== Event 111900 finish == 11min 49s: 0.00633601s/event

== Event 112000 finish == 11min 50s: 0.00633929s/event

== Event 112100 finish == 11min 50s: 0.00633363s/event

== Event 112200 finish == 11min 51s: 0.0063369s/event

== Event 112300 finish == 11min 52s: 0.00634016s/event

== Event 112400 finish == 11min 52s: 0.00633452s/event

== Event 112500 finish == 11min 53s: 0.00633778s/event

== Event 112600 finish == 11min 54s: 0.00634103s/event

== Event 112700 finish == 11min 55s: 0.00634428s/event

== Event 112800 finish == 11min 55s: 0.00633865s/event

== Event 112900 finish == 11min 56s: 0.0063419s/event

== Event 113000 finish == 11min 57s: 0.00634513s/event

== Event 113100 finish == 11min 58s: 0.00634836s/event

== Event 113200 finish == 11min 59s: 0.00635159s/event

== Event 113300 finish == 11min 59s: 0.00634598s/event

== Event 113400 finish == 12min 0s: 0.00634921s/event

== Event 113500 finish == 12min 0s: 0.00634361s/event

== Event 113600 finish == 12min 1s: 0.00634683s/event

== Event 113700 finish == 12min 2s: 0.00635004s/event

== Event 113800 finish == 12min 3s: 0.00635325s/event

== Event 113900 finish == 12min 4s: 0.00635645s/event

== Event 114000 finish == 12min 5s: 0.00635965s/event

== Event 114100 finish == 12min 5s: 0.00635408s/event

== Event 114200 finish == 12min 6s: 0.00635727s/event

== Event 114300 finish == 12min 7s: 0.00636045s/event

== Event 114400 finish == 12min 7s: 0.0063549s/event

== Event 114500 finish == 12min 8s: 0.00635808s/event
St_db_Maker:INFO  -  +++ New RunNumber found=19133031 (previous = 19133030)
St_db_Maker:INFO  - *********** Event Info **********************
St_db_Maker:INFO  - 	Run: 	19133031  Event   303  TimeStamp 20180513.145327  Bunch 0:0
St_db_Maker:INFO  - 	 EvtSize: 0 	InpTrig:    0 OutTrig:    0
St_db_Maker:INFO  - *********************************************

== Event 114600 finish == 12min 9s: 0.00636126s/event

== Event 114700 finish == 12min 9s: 0.00635571s/event

== Event 114800 finish == 12min 10s: 0.00635889s/event

== Event 114900 finish == 12min 11s: 0.00636205s/event

== Event 115000 finish == 12min 11s: 0.00635652s/event

== Event 115100 finish == 12min 12s: 0.00635969s/event

== Event 115200 finish == 12min 12s: 0.00635417s/event

== Event 115300 finish == 12min 13s: 0.00635733s/event

== Event 115400 finish == 12min 14s: 0.00636049s/event

== Event 115500 finish == 12min 15s: 0.00636364s/event

== Event 115600 finish == 12min 16s: 0.00636678s/event

== Event 115700 finish == 12min 16s: 0.00636128s/event

== Event 115800 finish == 12min 17s: 0.00636442s/event

== Event 115900 finish == 12min 17s: 0.00635893s/event

== Event 116000 finish == 12min 18s: 0.00636207s/event

== Event 116100 finish == 12min 19s: 0.0063652s/event

== Event 116200 finish == 12min 19s: 0.00635972s/event

== Event 116300 finish == 12min 20s: 0.00636285s/event

== Event 116400 finish == 12min 21s: 0.00636598s/event

== Event 116500 finish == 12min 21s: 0.00636052s/event

== Event 116600 finish == 12min 22s: 0.00636364s/event

== Event 116700 finish == 12min 22s: 0.00635818s/event

== Event 116800 finish == 12min 23s: 0.0063613s/event
****************************************** 
Work done... now its time to close up shop!
****************************************** 
QA :INFO  - =================================================================================
QA :INFO  - QAInfo:Chain            StBFChain::bfc                  Ast =735.24        Cpu =731.39 
QA :INFO  - QAInfo:Maker StKFParticleAnalysisMaker::ana                  Ast =627.54(85.4%) Cpu =625.33(85.5%) 
QA :INFO  - QAInfo:Maker    StDetectorDbMaker::detDb                Ast =  5.48( 0.7%) Cpu =  5.40( 0.7%) 
QA :INFO  - QAInfo:Maker          St_db_Maker::db                   Ast = 20.34( 2.8%) Cpu = 20.80( 2.8%) 
QA :INFO  - QAInfo:Maker       StPicoDstMaker::PicoDst              Ast = 81.88(11.1%) Cpu = 79.86(10.9%) 
St_db_Maker::Init 
Real time 0:00:00, CP time 0.070, 3 slices
      MySQL::Init 
Real time 0:00:00, CP time 0.230, 2 slices
St_db_Maker::Make 
Real time 0:00:15, CP time 16.390, 117405 slices
      MySQL::Make 
Real time 0:00:00, CP time 0.000, 583 slices
      MySQL::Data 
Real time 0:00:00, CP time 0.000
StChain:INFO  - --------------Error Codes-------------------------
StChain:INFO  -      nStOK   nStWarn    nStEOF    nStErr  nStFatal
StChain:INFO  -     467344         0         0         0         0
StChain:INFO  - --------------------------------------------------
               StMemStat::Summary(calls)        Min        Aver         Max         RMS 
=============================================================================================
         StDetectorDbMaker(detDb)::Clear(116815)    0.000000    0.000000    0.000000    0.000000
         StDetectorDbMaker(detDb)::Make (116816)    0.000000    0.000000    0.000000    0.000000
   StKFParticleAnalysisMaker(ana)::Clear(116815)    0.000000    0.000000    0.000000    0.000000
   StKFParticleAnalysisMaker(ana)::Make (116816)   -1.376083    0.000076    2.899185    0.023124
          StPicoDstMaker(PicoDst)::Clear(116815)    0.000000    0.000000    0.000000    0.000000
          StPicoDstMaker(PicoDst)::Make (116816)  -33.504761    0.000286   32.346252    0.222710
                  St_db_Maker(db)::Clear(116815)   -0.796326   -0.000007    0.000000    0.002330
                  St_db_Maker(db)::Make (116816)    0.000000    0.000000    0.000000    0.000000
---------------------------------------------------------------------------------------------
                                   Total(8)  -33.504761    0.000355   32.346252    0.223919
=============================================================================================
BFC:INFO  - StBFChain::Finish :  Closing all writable TFiles   . . . . 
BFC:INFO  - StBFChain::Finish : file KFParticleQA_002972.root has been closed
BFC:INFO  - StBFChain::Finish : 1 files have been closed
****************************************** 
total number of events  116836
****************************************** 
BFC:INFO  - StDbConfigNodeImpl::printNumberStats() line=458 ******************** Number Stats ******************** 
Total Number of Nodes        = 349
Total Number of Tables       = 586
Total Size of Data in Tables = 0 kBytes
******************************************************

BFC:INFO  - StDbManagerImpl::printTimeStats() line=1624 
*************************** DataBase ClockTime Stats *************************** 
Total Time in DB-API       = 0.555288	 sec
 --------------------- In aggregate ------------------
 - Prepare Nodes & Servers = 0.555288	 sec --> 100% of total
 - Select & Retrieve data  = 0	 sec --> 0% of total
 --------------- In MySQL C-API (approximate) ---------
 - Connecting to Servers   = 0.027796	 sec --> 5.0057% of total
 - SQL Query Times         = 0.356085	 sec --> 64.1262% of total
 - socket transfer Times   = 0.0763431	 sec --> 13.7484% of total
********************************************************************************


This is the end of ROOT -- Goodbye

