  *******************************************
  *                                         *
  *        W E L C O M E  to  R O O T       *
  *                                         *
  *   Version   5.34/39     12 March 2018   *
  *                                         *
  *  You are welcome to visit our Web site  *
  *          http://root.cern.ch            *
  *                                         *
  *******************************************

ROOT 5.34/39 (heads/v5-34-00-patches@v5-34-38-1-g507abd2, Dec 13 2022, 17:42:00 on linuxx8664gcc)

CINT/ROOT C/C++ Interpreter version 5.18.00, July 2, 2010
Type ? for help. Commands must be C++ statements.
Enclose multiple statements between { }.
Note: File "/gpfs01/star/subsys-tpc/fisyak/STAR/packages/TFG21g/.sl73_x8664_gcc485/LIB/StarRoot.so" already loaded
Warning in <StCloseFileOnTerminate::Instantiate>: Asynch signal handler has been created
*** Float Point Exception is OFF ***
 *** Start at Date : Mon Oct 30 08:52:18 2023
QAInfo:You are using STAR_LEVEL : TFG21g, git = tags/TFG21g,tag:50722f0e0, ROOT_LEVEL : 5.34.39 and node : spool0821.sdcc.bnl.gov with 96 Intel(R) Xeon(R) Gold 6252 CPU @ 2.10GHz

Processing ./readPicoDst.C("/tmp/svianping/E637857A9F121119BB8B586E1AFACED3_2960/INPUTFILES/E637857A9F121119BB8B586E1AFACED3_2960.local.list",2960,18,27.0,"/star/u/svianping/STAR_Files/KFParticle4Lambda/datalist")...
current job id: 2960
Note: File "/gpfs01/star/subsys-tpc/fisyak/STAR/packages/TFG21g/.sl73_x8664_gcc485/LIB/St_base.so" already loaded
Warning in <TClass::TClass>: no dictionary for class StStrangeMuDst is available
Warning in <TClass::TClass>: no dictionary for class StStrangeAssoc is available
 loading of shared libraries done
Note: File "/gpfs01/star/subsys-tpc/fisyak/STAR/packages/TFG21g/.sl73_x8664_gcc485/LIB/libStChain.so" already loaded
Note: File "/gpfs01/star/subsys-tpc/fisyak/STAR/packages/TFG21g/.sl73_x8664_gcc485/LIB/libStUtilities.so" already loaded
G__catchexception=0
Load system libraries	 + liblog4cxx + libStStarLogger
Create chain bfc
QA :INFO  - ==============================================
QA :INFO  - ============= You are in TFG21g ===============
QA :INFO  - Requested chain bfc is :	ry2016,RpicoDst,kfpInter,mysql,quiet,nodefault
QA :INFO  -  Switch On                 mysql by Chain
QA :INFO  -  Switch On             StBichsel by MuDSTDeps
QA :INFO  -  Switch On            KFParticle by StEvent
QA :INFO  -  Switch On                 globT by StEvent
QA :INFO  -  Switch On                   SCL by StEvent
QA :INFO  -  Switch On                 sim_T by TbUtil
QA :INFO  -  Switch On                 tpc_T by TbUtil
QA :INFO  -  Switch On                TbUtil by StEvent
QA :INFO  -  Switch On                   Stu by StEvent
QA :INFO  -  Switch On                 StDbT by dbutil
QA :INFO  -  Switch On                    db by detDb
QA :INFO  -  Switch On                 detDb by dbutil
QA :INFO  -  Switch On                dbutil by StEvent
QA :INFO  -  Switch On                TRGDef by StEvent
QA :INFO  -  Switch On               StEvent by MuDSTDeps
QA :INFO  -  Switch On               TofUtil by MuDSTDeps
QA :INFO  -  Switch On              BTofUtil by MuDSTDeps
QA :INFO  -  Switch On                 emc_T by EmcUtil
QA :INFO  -  Switch On                 geomT by EmcUtil
QA :INFO  -  Switch On               EmcUtil by MuDSTDeps
QA :INFO  -  Switch On               PmdUtil by MuDSTDeps
QA :INFO  -  Switch On             MuDSTDeps by PicoDeps
QA :INFO  -  Switch On              PicoDeps by RpicoDST
QA :INFO  -  Switch On              RpicoDST by Chain
QA :INFO  -  Switch On              KFPInter by Chain
QA :INFO  -  Switch On             NoDefault by Chain
QA :INFO  -  Switch On                 quiet by Chain
QA :INFO  -  Switch On                ry2016 by Chain
QA :INFO  -  Switch On                   Agi by Default Geometry
QA :INFO  - ==================                   Agi	is ON 	: Alias VmcGeometry to AgiGeometry (gstar original geometry)
QA :INFO  - ==================            KFParticle	is ON 	: Load KFParticle
QA :INFO  - ==================                 StDbT	is ON 	: Load StDb_Tables
QA :INFO  - ==================                 emc_T	is ON 	: Load emc_Tables
QA :INFO  - ==================                 geomT	is ON 	: Load geometry_Tables
QA :INFO  - ==================                 globT	is ON 	: Load global_Tables
QA :INFO  - ==================                 sim_T	is ON 	: Load sim_Tables
QA :INFO  - ==================                 tpc_T	is ON 	: WARNING *** Option is OBSOLETE ***
QA :INFO  - ==================                 mysql	is ON 	: MySQL
QA :INFO  - ==================                   SCL	is ON 	: Load StarClassLibrary
QA :INFO  - ==================             StBichsel	is ON 	: Load Bichsel model for dE/dx
QA :INFO  - ==================               StEvent	is ON 	: Load StEvent
QA :INFO  - ==================                TbUtil	is ON 	: Load StTableUtilities
QA :INFO  - ==================               TofUtil	is ON 	: Load StTofUtil
QA :INFO  - ==================              BTofUtil	is ON 	: Load StBTofUtil
QA :INFO  - ==================                   Stu	is ON 	: Load StEventUtilities
QA :INFO  - ==================               EmcUtil	is ON 	: Load StEmcUtil
QA :INFO  - ==================               PmdUtil	is ON 	: Load StPmdUtil
QA :INFO  - ==================             MuDSTDeps	is ON 	: Load MuDST misc. dependencies (all)
QA :INFO  - ==================              PicoDeps	is ON 	: Load PicoDST dependences
QA :INFO  - ==================              RpicoDST	is ON 	: read PicoDST
QA :INFO  - ==================                    db	is ON 	: 
QA :INFO  - ==================                 detDb	is ON 	: Load StDetectorDbMaker library
QA :INFO  - ==================                dbutil	is ON 	: Load StDbUtilities
QA :INFO  - ==================                TRGDef	is ON 	: Load StTriggerData
QA :INFO  - ==================              KFPInter	is ON 	: STAR KFParticle interface
QA :INFO  - ==================             NoDefault	is ON 	: No Default consistency check
QA :INFO  - ==================                 quiet	is ON 	: make chain quiet
QA :INFO  - ==================                ry2016	is ON 	: 
QA :INFO  - Process [First=     1/Last=    -1/Total=    -1] Events
QA :INFO  - Library libmysqlclient         [          mysql] (/usr/lib64/mysql/libmysqlclient.so)	is loaded
QA :INFO  - Library libStTpcDb             [        StEvent] (/gpfs01/star/subsys-tpc/fisyak/STAR/packages/TFG21g/.sl73_x8664_gcc485/LIB/libStTpcDb.so)	is loaded
QA :INFO  - Library libStBTofUtil          [       BTofUtil] (/gpfs01/star/subsys-tpc/fisyak/STAR/packages/TFG21g/.sl73_x8664_gcc485/LIB/libStBTofUtil.so)	is loaded
QA :INFO  - Library libStPicoEvent         [       PicoDeps] (/gpfs01/star/subsys-tpc/fisyak/STAR/packages/TFG21g/.sl73_x8664_gcc485/LIB/libStPicoEvent.so)	is loaded
QA :INFO  - Library libStPicoDstMaker      [       PicoDeps] (/gpfs01/star/subsys-tpc/fisyak/STAR/packages/TFG21g/.sl73_x8664_gcc485/LIB/libStPicoDstMaker.so)	is loaded
QA :INFO  - Library libStDbBroker          [             db] (/gpfs01/star/subsys-tpc/fisyak/STAR/packages/TFG21g/.sl73_x8664_gcc485/LIB/libStDbBroker.so)	is loaded
QA :INFO  - Library libSt_db_Maker         [             db] (/gpfs01/star/subsys-tpc/fisyak/STAR/packages/TFG21g/.sl73_x8664_gcc485/LIB/libSt_db_Maker.so)	is loaded
QA :INFO  - Library libStDetectorDbMaker   [          detDb] (/gpfs01/star/subsys-tpc/fisyak/STAR/packages/TFG21g/.sl73_x8664_gcc485/LIB/libStDetectorDbMaker.so)	is loaded
QA :INFO  - Library libStDbUtilities       [         dbutil] (/gpfs01/star/subsys-tpc/fisyak/STAR/packages/TFG21g/.sl73_x8664_gcc485/LIB/libStDbUtilities.so)	is loaded
QA :INFO  - Library libKFParticlePerformance [       KFPInter] (/home/tmp/svianping/E637857A9F121119BB8B586E1AFACED3_2960/.sl73_x8664_gcc485/LIB/libKFParticlePerformance.so)	is loaded
QA :INFO  - Library libStKFParticleAnalysisMaker [       KFPInter] (/home/tmp/svianping/E637857A9F121119BB8B586E1AFACED3_2960/.sl73_x8664_gcc485/LIB/libStKFParticleAnalysisMaker.so)	is loaded
QA :INFO  - Input file name = /tmp/svianping/E637857A9F121119BB8B586E1AFACED3_2960/INPUTFILES/E637857A9F121119BB8B586E1AFACED3_2960.local.list
BFC:INFO  - StFile::AddFile : *** IGNORED *** File /tmp/svianping/E637857A9F121119BB8B586E1AFACED3_2960/INPUTFILES/E637857A9F121119BB8B586E1AFACED3_2960.local.list has wrong extention 

QA :INFO  - Output root file name E637857A9F121119BB8B586E1AFACED3_2960.local.root
QA :INFO  - ProcessLine:new StPicoDstMaker(2,"/tmp/svianping/E637857A9F121119BB8B586E1AFACED3_2960/INPUTFILES/E637857A9F121119BB8B586E1AFACED3_2960.local.list")
(class StPicoDstMaker*)0x91e04c0
BFC:INFO  - Using DB flavors: ofl+TFG
QA :INFO  - QAInfo:StBFChain            built Mar 14 2022 19:11:02 from Tag $Name:  $ $Id: StBFChain.h,v 1.59 2019/11/19 17:26:17 jeromel Exp $ 
QA :INFO  - QAInfo:StPicoDstMaker       built Jun  9 2021 13:05:13 from Tag $Name:  $ $Id: StPicoDstMaker.h,v 1.30 2021/02/23 17:27:01 gnigmat Exp $ 
QA :INFO  - QAInfo:St_db_Maker          built Jun  9 2021 13:53:26 from Tag $Name:  $ $Id: St_db_Maker.h,v 1.46 2015/05/05 21:05:52 dmitry Exp $ 
QA :INFO  - QAInfo:StDetectorDbMaker    built Jun  9 2021 11:58:34 from Tag $Name:  $ $Id: StDetectorDbMaker.h,v 1.5 2015/12/23 23:34:09 fisyak Exp $ 
QA :INFO  - +++ Setting attribute .gopt. = 
QA :INFO  -  StBFChain::bfc
QA :INFO  -    StPicoDstMaker::PicoDst
QA :INFO  -    St_db_Maker::db
QA :INFO  -    StDetectorDbMaker::detDb
Note: File "/gpfs01/star/subsys-tpc/fisyak/STAR/packages/TFG21g/.sl73_x8664_gcc485/LIB/StPicoEvent.so" already loaded
Note: File "/gpfs01/star/subsys-tpc/fisyak/STAR/packages/TFG21g/.sl73_x8664_gcc485/LIB/StPicoDstMaker.so" already loaded
BFC:INFO  - StBFChain::Init : Time=Mon Oct 30 08:52:22 2023 Cwd=/home/tmp/svianping/E637857A9F121119BB8B586E1AFACED3_2960
QA :INFO  - blacklist tpc
QA :INFO  - blacklist svt
QA :INFO  - blacklist ssd
QA :INFO  - blacklist sst
QA :INFO  - blacklist pxl
QA :INFO  - blacklist ist
QA :INFO  - blacklist fms
QA :INFO  - blacklist eemc
StChain:DEBUG - *** Call << StPicoDstMaker:Init() ***
StChain:INFO  -  Read in picoDst file /tmp/svianping/E637857A9F121119BB8B586E1AFACED3_2960/INPUTFILES/st_physics_19141003_raw_2000020.picoDst.root
StChain:INFO  -  Read in picoDst file /tmp/svianping/E637857A9F121119BB8B586E1AFACED3_2960/INPUTFILES/st_physics_19141006_raw_4000009.picoDst.root
StChain:INFO  -  Read in picoDst file /tmp/svianping/E637857A9F121119BB8B586E1AFACED3_2960/INPUTFILES/st_physics_19141006_raw_3000010.picoDst.root
StChain:INFO  -  Read in picoDst file /tmp/svianping/E637857A9F121119BB8B586E1AFACED3_2960/INPUTFILES/st_physics_19141010_raw_5500011.picoDst.root
StChain:INFO  -  Read in picoDst file /tmp/svianping/E637857A9F121119BB8B586E1AFACED3_2960/INPUTFILES/st_physics_19141010_raw_4000007.picoDst.root
StChain:INFO  -  Read in picoDst file /tmp/svianping/E637857A9F121119BB8B586E1AFACED3_2960/INPUTFILES/st_physics_19141010_raw_5000007.picoDst.root
StChain:INFO  -  Read in picoDst file /tmp/svianping/E637857A9F121119BB8B586E1AFACED3_2960/INPUTFILES/st_physics_19141010_raw_2500012.picoDst.root
StChain:INFO  -  Read in picoDst file /tmp/svianping/E637857A9F121119BB8B586E1AFACED3_2960/INPUTFILES/st_physics_19141010_raw_1500008.picoDst.root
StChain:INFO  -  Read in picoDst file /tmp/svianping/E637857A9F121119BB8B586E1AFACED3_2960/INPUTFILES/st_physics_19141010_raw_2000015.picoDst.root
StChain:INFO  -  Read in picoDst file /tmp/svianping/E637857A9F121119BB8B586E1AFACED3_2960/INPUTFILES/st_physics_19141011_raw_1500009.picoDst.root
StChain:INFO  -  Read in picoDst file /tmp/svianping/E637857A9F121119BB8B586E1AFACED3_2960/INPUTFILES/st_physics_19141011_raw_4500007.picoDst.root
StChain:INFO  -  Read in picoDst file /tmp/svianping/E637857A9F121119BB8B586E1AFACED3_2960/INPUTFILES/st_physics_19141011_raw_1000010.picoDst.root
StChain:INFO  -  Read in picoDst file /tmp/svianping/E637857A9F121119BB8B586E1AFACED3_2960/INPUTFILES/st_physics_19141013_raw_4000012.picoDst.root
StChain:INFO  -  Read in picoDst file /tmp/svianping/E637857A9F121119BB8B586E1AFACED3_2960/INPUTFILES/st_physics_19141013_raw_5000009.picoDst.root
StChain:INFO  -  Read in picoDst file /tmp/svianping/E637857A9F121119BB8B586E1AFACED3_2960/INPUTFILES/st_physics_adc_19141014_raw_3500005.picoDst.root
StChain:INFO  -  Read in picoDst file /tmp/svianping/E637857A9F121119BB8B586E1AFACED3_2960/INPUTFILES/st_physics_19141014_raw_3500017.picoDst.root
StChain:INFO  -  Read in picoDst file /tmp/svianping/E637857A9F121119BB8B586E1AFACED3_2960/INPUTFILES/st_physics_19141014_raw_3000013.picoDst.root
StChain:INFO  -  Read in picoDst file /tmp/svianping/E637857A9F121119BB8B586E1AFACED3_2960/INPUTFILES/st_physics_19141014_raw_5500013.picoDst.root
StChain:INFO  -  Read in picoDst file /tmp/svianping/E637857A9F121119BB8B586E1AFACED3_2960/INPUTFILES/st_physics_19141014_raw_4000014.picoDst.root
StChain:INFO  -  Read in picoDst file /tmp/svianping/E637857A9F121119BB8B586E1AFACED3_2960/INPUTFILES/st_physics_19141014_raw_2500013.picoDst.root
StChain:INFO  -  Read in picoDst file /tmp/svianping/E637857A9F121119BB8B586E1AFACED3_2960/INPUTFILES/st_physics_19141015_raw_4500007.picoDst.root
StChain:INFO  -  Read in picoDst file /tmp/svianping/E637857A9F121119BB8B586E1AFACED3_2960/INPUTFILES/st_physics_19141015_raw_2500010.picoDst.root
StChain:INFO  -  Read in picoDst file /tmp/svianping/E637857A9F121119BB8B586E1AFACED3_2960/INPUTFILES/st_physics_19141015_raw_3500001.picoDst.root
StChain:INFO  -  Read in picoDst file /tmp/svianping/E637857A9F121119BB8B586E1AFACED3_2960/INPUTFILES/st_physics_19141020_raw_5000007.picoDst.root
StChain:INFO  -  Read in picoDst file /tmp/svianping/E637857A9F121119BB8B586E1AFACED3_2960/INPUTFILES/st_physics_19141020_raw_2500008.picoDst.root
StChain:INFO  -  Read in picoDst file /tmp/svianping/E637857A9F121119BB8B586E1AFACED3_2960/INPUTFILES/st_physics_adc_19141021_raw_3000004.picoDst.root
StChain:INFO  -  Read in picoDst file /tmp/svianping/E637857A9F121119BB8B586E1AFACED3_2960/INPUTFILES/st_physics_19141021_raw_1500014.picoDst.root
StChain:INFO  -  Read in picoDst file /tmp/svianping/E637857A9F121119BB8B586E1AFACED3_2960/INPUTFILES/st_physics_19141021_raw_2500006.picoDst.root
StChain:INFO  -  Read in picoDst file /tmp/svianping/E637857A9F121119BB8B586E1AFACED3_2960/INPUTFILES/st_physics_19141021_raw_1000013.picoDst.root
StChain:INFO  -  Read in picoDst file /tmp/svianping/E637857A9F121119BB8B586E1AFACED3_2960/INPUTFILES/st_physics_19141022_raw_2500007.picoDst.root
StChain:INFO  -  Total 30 files have been read in. 
StChain:WARN  - setBranchAddress: Branch name ETofHit does not exist!
StChain:WARN  - setBranchAddress: Branch name ETofPidTraits does not exist!
StChain:WARN  - setBranchAddress: Branch name McVertex does not exist!
StChain:WARN  - setBranchAddress: Branch name McTrack does not exist!
StChain:DEBUG - *** Call << St_db_Maker:Init() ***
StChain:INFO  - St_db_Maker::OpenMySQL : Block domain eemc
StChain:INFO  - St_db_Maker::OpenMySQL : Block domain fms
StChain:INFO  - St_db_Maker::OpenMySQL : Block domain ist
StChain:INFO  - St_db_Maker::OpenMySQL : Block domain pxl
StChain:INFO  - St_db_Maker::OpenMySQL : Block domain sst
StChain:INFO  - St_db_Maker::OpenMySQL : Block domain ssd
StChain:INFO  - St_db_Maker::OpenMySQL : Block domain svt
StChain:INFO  - St_db_Maker::OpenMySQL : Block domain tpc
StChain:INFO  - StDbManagerImpl::lookUpServers(): config file name is /gpfs01/star/subsys-tpc/fisyak/STAR/packages/conf/dbLoadBalancerLocalConfig_BNL.xml
There is no 1  /star/u/svianping/dbServers.xml
 looking at 2 /gpfs01/star/subsys-tpc/fisyak/STAR/packages/TFG21g/StDb/servers/dbServers.xml
DB OVERRIDE default user with: svianping
StChain:INFO  - StDbManagerImpl::lookUpServer() line=711 
******** Order of Files searched for dbServers ********* 
  3. /gpfs01/star/subsys-tpc/fisyak/STAR/packages/TFG21g/StDb/servers/dbServers.xml
********************************************************

StHyperCacheManager: reading cache config from /gpfs01/star/subsys-tpc/fisyak/STAR/packages/conf/hyperconfig.json
StChain:INFO  - StDbLib: db server found in 3 iterations
StChain:INFO  - MysqlDb::Connect: Load balancer took 0 ms, will use star-db09.rcf.bnl.gov:3316
StChain:INFO  - Ssl_cipher = AES128-SHA
StChain:INFO  - MysqlDb::Connect(host,user,pw,database,port) line=527 Server Connecting: DB=StarDb  Host=star-db09.rcf.bnl.gov:3316
 --> Connection Time=0.0336051 sec    MysqlVersion=5.7.24
StChain:WARN  - StDbManagerImpl::getDbDomain(domainName) line=1061 Adding New dbDomain= fst
StChain:WARN  - StDbManagerImpl::getDbDomain(domainName) line=1061 Adding New dbDomain= ftt
StChain:INFO  - St_db_Maker::OpenMySQL : Unknown table rhicf/rhicfBarPos..rhicfBarPos
StChain:INFO  - St_db_Maker::OpenMySQL : Unknown table etof/etofAlign..etofAlign
StChain:INFO  - St_db_Maker::OpenMySQL : Unknown table etof/etofModCounter..etofModCounter
StChain:INFO  - St_db_Maker::OpenMySQL : Unknown table ftt/fttFobToHV..fttFobToHV
StChain:INFO  - St_db_Maker::OpenMySQL : Unknown table ftt/fttFobToStation..fttFobToStation
StChain:INFO  - St_db_Maker::OpenMySQL : Unknown table ftt/fttHardwareMap..fttHardwareMap
StChain:INFO  - St_db_Maker::OpenMySQL : Unknown table rhicf/rhicfPedestalF..rhicfPedestalF
StChain:INFO  - St_db_Maker::OpenMySQL : Unknown table rhicf/rhicfPhotonLeakageIn..rhicfPhotonLeakageIn
StChain:INFO  - St_db_Maker::OpenMySQL : Unknown table rhicf/rhicfPhotonLeakageOut..rhicfPhotonLeakageOut
StChain:INFO  - St_db_Maker::OpenMySQL : Unknown table rhicf/rhicfNeutronLeakageOut..rhicfNeutronLeakageOut
StChain:INFO  - St_db_Maker::OpenMySQL : Unknown table rhicf/rhicfCrossTalk..rhicfCrossTalk
StChain:INFO  - St_db_Maker::OpenMySQL : Unknown table fst/fstGain..fstGain
StChain:INFO  - St_db_Maker::OpenMySQL : Unknown table fst/fstPedNoise..fstPedNoise
StChain:INFO  - St_db_Maker::OpenMySQL : Unknown table fst/fstControl..fstControl
StChain:INFO  - St_db_Maker::OpenMySQL : Unknown table fst/fstMapping..fstMapping
StChain:INFO  - St_db_Maker::OpenMySQL : Unknown table fst/fstChipConfig..fstChipConfig
StChain:INFO  - St_db_Maker::OpenMySQL : Unknown table fst/fstSimPar..fstSimPar
StChain:INFO  - St_db_Maker::OpenMySQL : Unknown table ftt/fttDataWindows..fttDataWindows
StChain:DEBUG - *** Call << StDetectorDbMaker:Init() ***
StChain:DEBUG - *** Call << StKFParticleAnalysisMaker:Init() ***
output_002960.root
current job id: 2960
Run list :/star/u/svianping/STAR_Files/KFParticle4Lambda/datalist/runList/run18List27.0.list loaded. 
Total    :800 runs. 
badrun list :/star/u/svianping/STAR_Files/KFParticle4Lambda/datalist/badList/badrun18List27.0.list loaded.
Total       :123 bad runs. 
39 130 169 39 1
-----------------------------------------
------- histograms & tree claimed -------
-----------------------------------------
StRefMultCorr::readHeaderFile  [refmult] Correction parameters and centrality definitions have been successfully read.
read in nBadRun_refmult_2010: 717
read in nBadRun_refmult_2011: 134
read in nBadRun_refmult_2017: 24
read in nBadRun_refmult_2018: 86
StRefMultCorr::readHeaderFile  [refmult2] Correction parameters and centrality definitions have been successfully read.
read in nBadRun_refmult_2010: 717
read in nBadRun_refmult_2011: 134
read in nBadRun_refmult_2017: 24
read in nBadRun_refmult_2018: 86
StRefMultCorr::readHeaderFile  [refmult3] Correction parameters and centrality definitions have been successfully read.
read in nBadRun_refmult_2010: 717
read in nBadRun_refmult_2011: 134
read in nBadRun_refmult_2017: 24
read in nBadRun_refmult_2018: 86
StRefMultCorr::readHeaderFile  [grefmult] Correction parameters and centrality definitions have been successfully read.
read in nBadRun_refmult_2010: 717
read in nBadRun_refmult_2011: 134
read in nBadRun_refmult_2017: 24
read in nBadRun_refmult_2018: 86
StRefMultCorr::readBadRunsFromHeaderFile  Bad runs for year 2010, 2011, 2017 and 2018 have been read.
-----------------------------------
------- user's files loaded -------
-----------------------------------
chain->Init();
BFC:INFO  - StPicoDstMaker::SetStatus 1 to Event
BFC:INFO  - StPicoDstMaker::SetStatus 1 to Track
BFC:INFO  - StPicoDstMaker::SetStatus 1 to EmcTrigger
BFC:INFO  - StPicoDstMaker::SetStatus 1 to MtdTrigger
BFC:INFO  - StPicoDstMaker::SetStatus 1 to BTowHit
BFC:INFO  - StPicoDstMaker::SetStatus 1 to BTofHit
BFC:INFO  - StPicoDstMaker::SetStatus 1 to MtdHit
BFC:INFO  - StPicoDstMaker::SetStatus 1 to BbcHit
BFC:INFO  - StPicoDstMaker::SetStatus 1 to EpdHit
BFC:INFO  - StPicoDstMaker::SetStatus 1 to FmsHit
BFC:INFO  - StPicoDstMaker::SetStatus 1 to EmcPidTraits
BFC:INFO  - StPicoDstMaker::SetStatus 1 to BTofPidTraits
BFC:INFO  - StPicoDstMaker::SetStatus 1 to MtdPidTraits
BFC:INFO  - StPicoDstMaker::SetStatus 1 to TrackCovMatrix
BFC:INFO  - StPicoDstMaker::SetStatus 1 to BEmcSmdEHit
BFC:INFO  - StPicoDstMaker::SetStatus 1 to BEmcSmdPHit
BFC:INFO  - StPicoDstMaker::SetStatus 1 to ETofHit
BFC:INFO  - StPicoDstMaker::SetStatus 1 to ETofPidTraits
BFC:INFO  - StPicoDstMaker::SetStatus 1 to McVertex
BFC:INFO  - StPicoDstMaker::SetStatus 1 to McTrack
BFC:WARN  - setBranchAddress: Branch name ETofHit does not exist!
BFC:WARN  - setBranchAddress: Branch name ETofPidTraits does not exist!
BFC:WARN  - setBranchAddress: Branch name McVertex does not exist!
BFC:WARN  - setBranchAddress: Branch name McTrack does not exist!
389838 events in chain 389838 will be read.
StChain:INFO  -  +++ New RunNumber found=-1 (previous = -3)
StChain:INFO  - *********** Event Info **********************
StChain:INFO  - 	Run: 	   -1  Event    -1  TimeStamp 20330101.     0  Bunch 0:0
StChain:INFO  - 	 EvtSize: 0 	InpTrig:    0 OutTrig:    0
StChain:INFO  - *********************************************
St_db_Maker:INFO  -  +++ New RunNumber found=19141003 (previous = -3)
St_db_Maker:INFO  - *********** Event Info **********************
St_db_Maker:INFO  - 	Run: 	19141003  Event 3128585  TimeStamp 20180521. 52736  Bunch 0:0
St_db_Maker:INFO  - 	 EvtSize: 0 	InpTrig:    0 OutTrig:    0
St_db_Maker:INFO  - *********************************************
StKFParticleAnalysisMaker:INFO  - dEdxParameterization::GetFile : File P10T.root has been found as /gpfs01/star/subsys-tpc/fisyak/STAR/packages/TFG21g/StarDb/dEdxModel/P10T.root
	i = 	0	fnBins[i] = 	101	fbinW[i] = 	0.05
	i = 	1	fnBins[i] = 	11	fbinW[i] = 	0.33
	i = 	2	fnBins[i] = 	51	fbinW[i] = 	0.2

== Event 100 finish == 0min 1s: 0.01s/event

== Event 200 finish == 0min 3s: 0.015s/event

== Event 300 finish == 0min 4s: 0.0133333s/event

== Event 400 finish == 0min 5s: 0.0125s/event

== Event 500 finish == 0min 6s: 0.012s/event

== Event 600 finish == 0min 7s: 0.0116667s/event

== Event 700 finish == 0min 8s: 0.0114286s/event

== Event 800 finish == 0min 10s: 0.0125s/event

== Event 900 finish == 0min 11s: 0.0122222s/event

== Event 1000 finish == 0min 12s: 0.012s/event

== Event 1100 finish == 0min 13s: 0.0118182s/event

== Event 1200 finish == 0min 14s: 0.0116667s/event

== Event 1300 finish == 0min 16s: 0.0123077s/event

== Event 1400 finish == 0min 17s: 0.0121429s/event

== Event 1500 finish == 0min 18s: 0.012s/event

== Event 1600 finish == 0min 19s: 0.011875s/event

== Event 1700 finish == 0min 20s: 0.0117647s/event

== Event 1800 finish == 0min 21s: 0.0116667s/event
root4star: .sl73_x8664_gcc485/OBJ/StRoot/StChain/StMaker.cxx:943: virtual Int_t StMaker::Make(): Assertion `(ret%10)>=0 && (ret%10)<=kStFatal' failed.
