  *******************************************
  *                                         *
  *        W E L C O M E  to  R O O T       *
  *                                         *
  *   Version   5.34/39     12 March 2018   *
  *                                         *
  *  You are welcome to visit our Web site  *
  *          http://root.cern.ch            *
  *                                         *
  *******************************************

ROOT 5.34/39 (heads/v5-34-00-patches@v5-34-38-1-g507abd2, Dec 13 2022, 17:42:00 on linuxx8664gcc)

CINT/ROOT C/C++ Interpreter version 5.18.00, July 2, 2010
Type ? for help. Commands must be C++ statements.
Enclose multiple statements between { }.
Note: File "/gpfs01/star/subsys-tpc/fisyak/STAR/packages/TFG21g/.sl73_x8664_gcc485/LIB/StarRoot.so" already loaded
Warning in <StCloseFileOnTerminate::Instantiate>: Asynch signal handler has been created
*** Float Point Exception is OFF ***
 *** Start at Date : Tue Oct 31 09:57:22 2023
QAInfo:You are using STAR_LEVEL : TFG21g, git = tags/TFG21g,tag:50722f0e0, ROOT_LEVEL : 5.34.39 and node : spool1487.sdcc.bnl.gov with 96 Intel(R) Xeon(R) Gold 6336Y CPU @ 2.40GHz

Processing ./readPicoDst.C("/tmp/svianping/1DA9AFED53CA6BF567ED676D014CD071_2915/INPUTFILES/1DA9AFED53CA6BF567ED676D014CD071_2915.local.list",2915,18,27.0,"/star/u/svianping/STAR_Files/KFParticle4Lambda/datalist")...
current job id: 2915
Note: File "/gpfs01/star/subsys-tpc/fisyak/STAR/packages/TFG21g/.sl73_x8664_gcc485/LIB/St_base.so" already loaded
Warning in <TClass::TClass>: no dictionary for class StStrangeMuDst is available
Warning in <TClass::TClass>: no dictionary for class StStrangeAssoc is available
 loading of shared libraries done
Note: File "/gpfs01/star/subsys-tpc/fisyak/STAR/packages/TFG21g/.sl73_x8664_gcc485/LIB/libStChain.so" already loaded
Note: File "/gpfs01/star/subsys-tpc/fisyak/STAR/packages/TFG21g/.sl73_x8664_gcc485/LIB/libStUtilities.so" already loaded
G__catchexception=0
Load system libraries	 + liblog4cxx + libStStarLogger
Create chain bfc
QA :INFO  - ==============================================
QA :INFO  - ============= You are in TFG21g ===============
QA :INFO  - Requested chain bfc is :	ry2016,RpicoDst,kfpInter,mysql,quiet,nodefault
QA :INFO  -  Switch On                 mysql by Chain
QA :INFO  -  Switch On             StBichsel by MuDSTDeps
QA :INFO  -  Switch On            KFParticle by StEvent
QA :INFO  -  Switch On                 globT by StEvent
QA :INFO  -  Switch On                   SCL by StEvent
QA :INFO  -  Switch On                 sim_T by TbUtil
QA :INFO  -  Switch On                 tpc_T by TbUtil
QA :INFO  -  Switch On                TbUtil by StEvent
QA :INFO  -  Switch On                   Stu by StEvent
QA :INFO  -  Switch On                 StDbT by dbutil
QA :INFO  -  Switch On                    db by detDb
QA :INFO  -  Switch On                 detDb by dbutil
QA :INFO  -  Switch On                dbutil by StEvent
QA :INFO  -  Switch On                TRGDef by StEvent
QA :INFO  -  Switch On               StEvent by MuDSTDeps
QA :INFO  -  Switch On               TofUtil by MuDSTDeps
QA :INFO  -  Switch On              BTofUtil by MuDSTDeps
QA :INFO  -  Switch On                 emc_T by EmcUtil
QA :INFO  -  Switch On                 geomT by EmcUtil
QA :INFO  -  Switch On               EmcUtil by MuDSTDeps
QA :INFO  -  Switch On               PmdUtil by MuDSTDeps
QA :INFO  -  Switch On             MuDSTDeps by PicoDeps
QA :INFO  -  Switch On              PicoDeps by RpicoDST
QA :INFO  -  Switch On              RpicoDST by Chain
QA :INFO  -  Switch On              KFPInter by Chain
QA :INFO  -  Switch On             NoDefault by Chain
QA :INFO  -  Switch On                 quiet by Chain
QA :INFO  -  Switch On                ry2016 by Chain
QA :INFO  -  Switch On                   Agi by Default Geometry
QA :INFO  - ==================                   Agi	is ON 	: Alias VmcGeometry to AgiGeometry (gstar original geometry)
QA :INFO  - ==================            KFParticle	is ON 	: Load KFParticle
QA :INFO  - ==================                 StDbT	is ON 	: Load StDb_Tables
QA :INFO  - ==================                 emc_T	is ON 	: Load emc_Tables
QA :INFO  - ==================                 geomT	is ON 	: Load geometry_Tables
QA :INFO  - ==================                 globT	is ON 	: Load global_Tables
QA :INFO  - ==================                 sim_T	is ON 	: Load sim_Tables
QA :INFO  - ==================                 tpc_T	is ON 	: WARNING *** Option is OBSOLETE ***
QA :INFO  - ==================                 mysql	is ON 	: MySQL
QA :INFO  - ==================                   SCL	is ON 	: Load StarClassLibrary
QA :INFO  - ==================             StBichsel	is ON 	: Load Bichsel model for dE/dx
QA :INFO  - ==================               StEvent	is ON 	: Load StEvent
QA :INFO  - ==================                TbUtil	is ON 	: Load StTableUtilities
QA :INFO  - ==================               TofUtil	is ON 	: Load StTofUtil
QA :INFO  - ==================              BTofUtil	is ON 	: Load StBTofUtil
QA :INFO  - ==================                   Stu	is ON 	: Load StEventUtilities
QA :INFO  - ==================               EmcUtil	is ON 	: Load StEmcUtil
QA :INFO  - ==================               PmdUtil	is ON 	: Load StPmdUtil
QA :INFO  - ==================             MuDSTDeps	is ON 	: Load MuDST misc. dependencies (all)
QA :INFO  - ==================              PicoDeps	is ON 	: Load PicoDST dependences
QA :INFO  - ==================              RpicoDST	is ON 	: read PicoDST
QA :INFO  - ==================                    db	is ON 	: 
QA :INFO  - ==================                 detDb	is ON 	: Load StDetectorDbMaker library
QA :INFO  - ==================                dbutil	is ON 	: Load StDbUtilities
QA :INFO  - ==================                TRGDef	is ON 	: Load StTriggerData
QA :INFO  - ==================              KFPInter	is ON 	: STAR KFParticle interface
QA :INFO  - ==================             NoDefault	is ON 	: No Default consistency check
QA :INFO  - ==================                 quiet	is ON 	: make chain quiet
QA :INFO  - ==================                ry2016	is ON 	: 
QA :INFO  - Process [First=     1/Last=    -1/Total=    -1] Events
QA :INFO  - Library libmysqlclient         [          mysql] (/usr/lib64/mysql/libmysqlclient.so)	is loaded
QA :INFO  - Library libStTpcDb             [        StEvent] (/gpfs01/star/subsys-tpc/fisyak/STAR/packages/TFG21g/.sl73_x8664_gcc485/LIB/libStTpcDb.so)	is loaded
QA :INFO  - Library libStBTofUtil          [       BTofUtil] (/gpfs01/star/subsys-tpc/fisyak/STAR/packages/TFG21g/.sl73_x8664_gcc485/LIB/libStBTofUtil.so)	is loaded
QA :INFO  - Library libStPicoEvent         [       PicoDeps] (/gpfs01/star/subsys-tpc/fisyak/STAR/packages/TFG21g/.sl73_x8664_gcc485/LIB/libStPicoEvent.so)	is loaded
QA :INFO  - Library libStPicoDstMaker      [       PicoDeps] (/gpfs01/star/subsys-tpc/fisyak/STAR/packages/TFG21g/.sl73_x8664_gcc485/LIB/libStPicoDstMaker.so)	is loaded
QA :INFO  - Library libStDbBroker          [             db] (/gpfs01/star/subsys-tpc/fisyak/STAR/packages/TFG21g/.sl73_x8664_gcc485/LIB/libStDbBroker.so)	is loaded
QA :INFO  - Library libSt_db_Maker         [             db] (/gpfs01/star/subsys-tpc/fisyak/STAR/packages/TFG21g/.sl73_x8664_gcc485/LIB/libSt_db_Maker.so)	is loaded
QA :INFO  - Library libStDetectorDbMaker   [          detDb] (/gpfs01/star/subsys-tpc/fisyak/STAR/packages/TFG21g/.sl73_x8664_gcc485/LIB/libStDetectorDbMaker.so)	is loaded
QA :INFO  - Library libStDbUtilities       [         dbutil] (/gpfs01/star/subsys-tpc/fisyak/STAR/packages/TFG21g/.sl73_x8664_gcc485/LIB/libStDbUtilities.so)	is loaded
QA :INFO  - Library libKFParticlePerformance [       KFPInter] (/home/tmp/svianping/1DA9AFED53CA6BF567ED676D014CD071_2915/.sl73_x8664_gcc485/LIB/libKFParticlePerformance.so)	is loaded
QA :INFO  - Library libStKFParticleAnalysisMaker [       KFPInter] (/home/tmp/svianping/1DA9AFED53CA6BF567ED676D014CD071_2915/.sl73_x8664_gcc485/LIB/libStKFParticleAnalysisMaker.so)	is loaded
QA :INFO  - Input file name = /tmp/svianping/1DA9AFED53CA6BF567ED676D014CD071_2915/INPUTFILES/1DA9AFED53CA6BF567ED676D014CD071_2915.local.list
BFC:INFO  - StFile::AddFile : *** IGNORED *** File /tmp/svianping/1DA9AFED53CA6BF567ED676D014CD071_2915/INPUTFILES/1DA9AFED53CA6BF567ED676D014CD071_2915.local.list has wrong extention 

QA :INFO  - Output root file name 1DA9AFED53CA6BF567ED676D014CD071_2915.local.root
QA :INFO  - ProcessLine:new StPicoDstMaker(2,"/tmp/svianping/1DA9AFED53CA6BF567ED676D014CD071_2915/INPUTFILES/1DA9AFED53CA6BF567ED676D014CD071_2915.local.list")
(class StPicoDstMaker*)0x9426200
BFC:INFO  - Using DB flavors: ofl+TFG
QA :INFO  - QAInfo:StBFChain            built Mar 14 2022 19:11:02 from Tag $Name:  $ $Id: StBFChain.h,v 1.59 2019/11/19 17:26:17 jeromel Exp $ 
QA :INFO  - QAInfo:StPicoDstMaker       built Jun  9 2021 13:05:13 from Tag $Name:  $ $Id: StPicoDstMaker.h,v 1.30 2021/02/23 17:27:01 gnigmat Exp $ 
QA :INFO  - QAInfo:St_db_Maker          built Jun  9 2021 13:53:26 from Tag $Name:  $ $Id: St_db_Maker.h,v 1.46 2015/05/05 21:05:52 dmitry Exp $ 
QA :INFO  - QAInfo:StDetectorDbMaker    built Jun  9 2021 11:58:34 from Tag $Name:  $ $Id: StDetectorDbMaker.h,v 1.5 2015/12/23 23:34:09 fisyak Exp $ 
QA :INFO  - +++ Setting attribute .gopt. = 
QA :INFO  -  StBFChain::bfc
QA :INFO  -    StPicoDstMaker::PicoDst
QA :INFO  -    St_db_Maker::db
QA :INFO  -    StDetectorDbMaker::detDb
Note: File "/gpfs01/star/subsys-tpc/fisyak/STAR/packages/TFG21g/.sl73_x8664_gcc485/LIB/StPicoEvent.so" already loaded
Note: File "/gpfs01/star/subsys-tpc/fisyak/STAR/packages/TFG21g/.sl73_x8664_gcc485/LIB/StPicoDstMaker.so" already loaded
BFC:INFO  - StBFChain::Init : Time=Tue Oct 31 09:57:25 2023 Cwd=/home/tmp/svianping/1DA9AFED53CA6BF567ED676D014CD071_2915
QA :INFO  - blacklist tpc
QA :INFO  - blacklist svt
QA :INFO  - blacklist ssd
QA :INFO  - blacklist sst
QA :INFO  - blacklist pxl
QA :INFO  - blacklist ist
QA :INFO  - blacklist fms
QA :INFO  - blacklist eemc
StChain:DEBUG - *** Call << StPicoDstMaker:Init() ***
StChain:INFO  -  Read in picoDst file /tmp/svianping/1DA9AFED53CA6BF567ED676D014CD071_2915/INPUTFILES/st_physics_adc_19133012_raw_2500003.picoDst.root
StChain:INFO  -  Read in picoDst file /tmp/svianping/1DA9AFED53CA6BF567ED676D014CD071_2915/INPUTFILES/st_physics_19133012_raw_5500002.picoDst.root
StChain:INFO  -  Read in picoDst file /tmp/svianping/1DA9AFED53CA6BF567ED676D014CD071_2915/INPUTFILES/st_physics_adc_19133013_raw_1500004.picoDst.root
StChain:INFO  -  Read in picoDst file /tmp/svianping/1DA9AFED53CA6BF567ED676D014CD071_2915/INPUTFILES/st_physics_adc_19133014_raw_3500003.picoDst.root
StChain:INFO  -  Read in picoDst file /tmp/svianping/1DA9AFED53CA6BF567ED676D014CD071_2915/INPUTFILES/st_physics_19133016_raw_1000021.picoDst.root
StChain:INFO  -  Read in picoDst file /tmp/svianping/1DA9AFED53CA6BF567ED676D014CD071_2915/INPUTFILES/st_physics_adc_19133017_raw_5000015.picoDst.root
StChain:INFO  -  Read in picoDst file /tmp/svianping/1DA9AFED53CA6BF567ED676D014CD071_2915/INPUTFILES/st_physics_19133017_raw_5000016.picoDst.root
StChain:INFO  -  Read in picoDst file /tmp/svianping/1DA9AFED53CA6BF567ED676D014CD071_2915/INPUTFILES/st_physics_19133017_raw_4000013.picoDst.root
StChain:INFO  -  Read in picoDst file /tmp/svianping/1DA9AFED53CA6BF567ED676D014CD071_2915/INPUTFILES/st_physics_19133017_raw_5000013.picoDst.root
StChain:INFO  -  Read in picoDst file /tmp/svianping/1DA9AFED53CA6BF567ED676D014CD071_2915/INPUTFILES/st_physics_adc_19133021_raw_4500003.picoDst.root
StChain:INFO  -  Read in picoDst file /tmp/svianping/1DA9AFED53CA6BF567ED676D014CD071_2915/INPUTFILES/st_physics_adc_19133021_raw_3500002.picoDst.root
StChain:INFO  -  Read in picoDst file /tmp/svianping/1DA9AFED53CA6BF567ED676D014CD071_2915/INPUTFILES/st_physics_adc_19133021_raw_5000002.picoDst.root
StChain:INFO  -  Read in picoDst file /tmp/svianping/1DA9AFED53CA6BF567ED676D014CD071_2915/INPUTFILES/st_physics_adc_19133023_raw_2000003.picoDst.root
StChain:INFO  -  Read in picoDst file /tmp/svianping/1DA9AFED53CA6BF567ED676D014CD071_2915/INPUTFILES/st_physics_adc_19133026_raw_5000015.picoDst.root
StChain:INFO  -  Read in picoDst file /tmp/svianping/1DA9AFED53CA6BF567ED676D014CD071_2915/INPUTFILES/st_physics_19133026_raw_3000020.picoDst.root
StChain:INFO  -  Read in picoDst file /tmp/svianping/1DA9AFED53CA6BF567ED676D014CD071_2915/INPUTFILES/st_physics_19133026_raw_5000017.picoDst.root
StChain:INFO  -  Read in picoDst file /tmp/svianping/1DA9AFED53CA6BF567ED676D014CD071_2915/INPUTFILES/st_physics_19133026_raw_3000013.picoDst.root
StChain:INFO  -  Read in picoDst file /tmp/svianping/1DA9AFED53CA6BF567ED676D014CD071_2915/INPUTFILES/st_physics_19133026_raw_4500011.picoDst.root
StChain:INFO  -  Read in picoDst file /tmp/svianping/1DA9AFED53CA6BF567ED676D014CD071_2915/INPUTFILES/st_physics_19133027_raw_1000010.picoDst.root
StChain:INFO  -  Read in picoDst file /tmp/svianping/1DA9AFED53CA6BF567ED676D014CD071_2915/INPUTFILES/st_physics_19133027_raw_4500011.picoDst.root
StChain:INFO  -  Read in picoDst file /tmp/svianping/1DA9AFED53CA6BF567ED676D014CD071_2915/INPUTFILES/st_physics_adc_19133030_raw_4000016.picoDst.root
StChain:INFO  -  Read in picoDst file /tmp/svianping/1DA9AFED53CA6BF567ED676D014CD071_2915/INPUTFILES/st_physics_adc_19133030_raw_5500014.picoDst.root
StChain:INFO  -  Read in picoDst file /tmp/svianping/1DA9AFED53CA6BF567ED676D014CD071_2915/INPUTFILES/st_physics_19133030_raw_1000014.picoDst.root
StChain:INFO  -  Read in picoDst file /tmp/svianping/1DA9AFED53CA6BF567ED676D014CD071_2915/INPUTFILES/st_physics_19133030_raw_2000012.picoDst.root
StChain:INFO  -  Read in picoDst file /tmp/svianping/1DA9AFED53CA6BF567ED676D014CD071_2915/INPUTFILES/st_physics_19133030_raw_1500017.picoDst.root
StChain:INFO  -  Read in picoDst file /tmp/svianping/1DA9AFED53CA6BF567ED676D014CD071_2915/INPUTFILES/st_physics_19133030_raw_3500006.picoDst.root
StChain:INFO  -  Read in picoDst file /tmp/svianping/1DA9AFED53CA6BF567ED676D014CD071_2915/INPUTFILES/st_physics_adc_19133031_raw_3000003.picoDst.root
StChain:INFO  -  Read in picoDst file /tmp/svianping/1DA9AFED53CA6BF567ED676D014CD071_2915/INPUTFILES/st_physics_19133031_raw_4000015.picoDst.root
StChain:INFO  -  Read in picoDst file /tmp/svianping/1DA9AFED53CA6BF567ED676D014CD071_2915/INPUTFILES/st_physics_19133031_raw_1000015.picoDst.root
StChain:ERROR - TNetXNGFile::Open : [ERROR] Server responded with an error: [3011] No servers are available to read the file.

StChain:INFO  -  Total 29 files have been read in. 
StChain:WARN  - setBranchAddress: Branch name ETofHit does not exist!
StChain:WARN  - setBranchAddress: Branch name ETofPidTraits does not exist!
StChain:WARN  - setBranchAddress: Branch name McVertex does not exist!
StChain:WARN  - setBranchAddress: Branch name McTrack does not exist!
StChain:DEBUG - *** Call << St_db_Maker:Init() ***
StChain:INFO  - St_db_Maker::OpenMySQL : Block domain eemc
StChain:INFO  - St_db_Maker::OpenMySQL : Block domain fms
StChain:INFO  - St_db_Maker::OpenMySQL : Block domain ist
StChain:INFO  - St_db_Maker::OpenMySQL : Block domain pxl
StChain:INFO  - St_db_Maker::OpenMySQL : Block domain sst
StChain:INFO  - St_db_Maker::OpenMySQL : Block domain ssd
StChain:INFO  - St_db_Maker::OpenMySQL : Block domain svt
StChain:INFO  - St_db_Maker::OpenMySQL : Block domain tpc
StChain:INFO  - StDbManagerImpl::lookUpServers(): config file name is /gpfs01/star/subsys-tpc/fisyak/STAR/packages/conf/dbLoadBalancerLocalConfig_BNL.xml
There is no 1  /star/u/svianping/dbServers.xml
 looking at 2 /gpfs01/star/subsys-tpc/fisyak/STAR/packages/TFG21g/StDb/servers/dbServers.xml
DB OVERRIDE default user with: svianping
StChain:INFO  - StDbManagerImpl::lookUpServer() line=711 
******** Order of Files searched for dbServers ********* 
  3. /gpfs01/star/subsys-tpc/fisyak/STAR/packages/TFG21g/StDb/servers/dbServers.xml
********************************************************

StHyperCacheManager: reading cache config from /gpfs01/star/subsys-tpc/fisyak/STAR/packages/conf/hyperconfig.json
StChain:INFO  - StDbLib: db server found in 3 iterations
StChain:INFO  - MysqlDb::Connect: Load balancer took 0 ms, will use star-db09.rcf.bnl.gov:3316
StChain:INFO  - Ssl_cipher = AES128-SHA
StChain:INFO  - MysqlDb::Connect(host,user,pw,database,port) line=527 Server Connecting: DB=StarDb  Host=star-db09.rcf.bnl.gov:3316
 --> Connection Time=0.0235651 sec    MysqlVersion=5.7.24
StChain:WARN  - StDbManagerImpl::getDbDomain(domainName) line=1061 Adding New dbDomain= fst
StChain:WARN  - StDbManagerImpl::getDbDomain(domainName) line=1061 Adding New dbDomain= ftt
StChain:INFO  - St_db_Maker::OpenMySQL : Unknown table rhicf/rhicfBarPos..rhicfBarPos
StChain:INFO  - St_db_Maker::OpenMySQL : Unknown table etof/etofAlign..etofAlign
StChain:INFO  - St_db_Maker::OpenMySQL : Unknown table etof/etofModCounter..etofModCounter
StChain:INFO  - St_db_Maker::OpenMySQL : Unknown table ftt/fttFobToHV..fttFobToHV
StChain:INFO  - St_db_Maker::OpenMySQL : Unknown table ftt/fttFobToStation..fttFobToStation
StChain:INFO  - St_db_Maker::OpenMySQL : Unknown table ftt/fttHardwareMap..fttHardwareMap
StChain:INFO  - St_db_Maker::OpenMySQL : Unknown table rhicf/rhicfPedestalF..rhicfPedestalF
StChain:INFO  - St_db_Maker::OpenMySQL : Unknown table rhicf/rhicfPhotonLeakageIn..rhicfPhotonLeakageIn
StChain:INFO  - St_db_Maker::OpenMySQL : Unknown table rhicf/rhicfPhotonLeakageOut..rhicfPhotonLeakageOut
StChain:INFO  - St_db_Maker::OpenMySQL : Unknown table rhicf/rhicfNeutronLeakageOut..rhicfNeutronLeakageOut
StChain:INFO  - St_db_Maker::OpenMySQL : Unknown table rhicf/rhicfCrossTalk..rhicfCrossTalk
StChain:INFO  - St_db_Maker::OpenMySQL : Unknown table fst/fstGain..fstGain
StChain:INFO  - St_db_Maker::OpenMySQL : Unknown table fst/fstPedNoise..fstPedNoise
StChain:INFO  - St_db_Maker::OpenMySQL : Unknown table fst/fstControl..fstControl
StChain:INFO  - St_db_Maker::OpenMySQL : Unknown table fst/fstMapping..fstMapping
StChain:INFO  - St_db_Maker::OpenMySQL : Unknown table fst/fstChipConfig..fstChipConfig
StChain:INFO  - St_db_Maker::OpenMySQL : Unknown table fst/fstSimPar..fstSimPar
StChain:INFO  - St_db_Maker::OpenMySQL : Unknown table ftt/fttDataWindows..fttDataWindows
StChain:DEBUG - *** Call << StDetectorDbMaker:Init() ***
StChain:DEBUG - *** Call << StKFParticleAnalysisMaker:Init() ***
output_002915.root
current job id: 2915
Run list :/star/u/svianping/STAR_Files/KFParticle4Lambda/datalist/runList/run18List27.0.list loaded. 
Total    :800 runs. 
badrun list :/star/u/svianping/STAR_Files/KFParticle4Lambda/datalist/badList/badrun18List27.0.list loaded.
Total       :123 bad runs. 
39 130 169 39 1
-----------------------------------------
------- histograms & tree claimed -------
-----------------------------------------
StRefMultCorr::readHeaderFile  [refmult] Correction parameters and centrality definitions have been successfully read.
read in nBadRun_refmult_2010: 717
read in nBadRun_refmult_2011: 134
read in nBadRun_refmult_2017: 24
read in nBadRun_refmult_2018: 86
StRefMultCorr::readHeaderFile  [refmult2] Correction parameters and centrality definitions have been successfully read.
read in nBadRun_refmult_2010: 717
read in nBadRun_refmult_2011: 134
read in nBadRun_refmult_2017: 24
read in nBadRun_refmult_2018: 86
StRefMultCorr::readHeaderFile  [refmult3] Correction parameters and centrality definitions have been successfully read.
read in nBadRun_refmult_2010: 717
read in nBadRun_refmult_2011: 134
read in nBadRun_refmult_2017: 24
read in nBadRun_refmult_2018: 86
StRefMultCorr::readHeaderFile  [grefmult] Correction parameters and centrality definitions have been successfully read.
read in nBadRun_refmult_2010: 717
read in nBadRun_refmult_2011: 134
read in nBadRun_refmult_2017: 24
read in nBadRun_refmult_2018: 86
StRefMultCorr::readBadRunsFromHeaderFile  Bad runs for year 2010, 2011, 2017 and 2018 have been read.
-----------------------------------
------- user's files loaded -------
-----------------------------------
chain->Init();
BFC:INFO  - StPicoDstMaker::SetStatus 1 to Event
BFC:INFO  - StPicoDstMaker::SetStatus 1 to Track
BFC:INFO  - StPicoDstMaker::SetStatus 1 to EmcTrigger
BFC:INFO  - StPicoDstMaker::SetStatus 1 to MtdTrigger
BFC:INFO  - StPicoDstMaker::SetStatus 1 to BTowHit
BFC:INFO  - StPicoDstMaker::SetStatus 1 to BTofHit
BFC:INFO  - StPicoDstMaker::SetStatus 1 to MtdHit
BFC:INFO  - StPicoDstMaker::SetStatus 1 to BbcHit
BFC:INFO  - StPicoDstMaker::SetStatus 1 to EpdHit
BFC:INFO  - StPicoDstMaker::SetStatus 1 to FmsHit
BFC:INFO  - StPicoDstMaker::SetStatus 1 to EmcPidTraits
BFC:INFO  - StPicoDstMaker::SetStatus 1 to BTofPidTraits
BFC:INFO  - StPicoDstMaker::SetStatus 1 to MtdPidTraits
BFC:INFO  - StPicoDstMaker::SetStatus 1 to TrackCovMatrix
BFC:INFO  - StPicoDstMaker::SetStatus 1 to BEmcSmdEHit
BFC:INFO  - StPicoDstMaker::SetStatus 1 to BEmcSmdPHit
BFC:INFO  - StPicoDstMaker::SetStatus 1 to ETofHit
BFC:INFO  - StPicoDstMaker::SetStatus 1 to ETofPidTraits
BFC:INFO  - StPicoDstMaker::SetStatus 1 to McVertex
BFC:INFO  - StPicoDstMaker::SetStatus 1 to McTrack
BFC:WARN  - setBranchAddress: Branch name ETofHit does not exist!
BFC:WARN  - setBranchAddress: Branch name ETofPidTraits does not exist!
BFC:WARN  - setBranchAddress: Branch name McVertex does not exist!
BFC:WARN  - setBranchAddress: Branch name McTrack does not exist!
202544 events in chain 202544 will be read.
StChain:INFO  -  +++ New RunNumber found=-1 (previous = -3)
StChain:INFO  - *********** Event Info **********************
StChain:INFO  - 	Run: 	   -1  Event    -1  TimeStamp 20330101.     0  Bunch 0:0
StChain:INFO  - 	 EvtSize: 0 	InpTrig:    0 OutTrig:    0
StChain:INFO  - *********************************************
St_db_Maker:INFO  -  +++ New RunNumber found=19133012 (previous = -3)
St_db_Maker:INFO  - *********** Event Info **********************
St_db_Maker:INFO  - 	Run: 	19133012  Event   707  TimeStamp 20180513. 75604  Bunch 0:0
St_db_Maker:INFO  - 	 EvtSize: 0 	InpTrig:    0 OutTrig:    0
St_db_Maker:INFO  - *********************************************

== Event 100 finish == 0min 0s: 0s/event

== Event 200 finish == 0min 0s: 0s/event

== Event 300 finish == 0min 0s: 0s/event

== Event 400 finish == 0min 0s: 0s/event

== Event 500 finish == 0min 0s: 0s/event

== Event 600 finish == 0min 0s: 0s/event

== Event 700 finish == 0min 0s: 0s/event

== Event 800 finish == 0min 0s: 0s/event

== Event 900 finish == 0min 0s: 0s/event

== Event 1000 finish == 0min 0s: 0s/event

== Event 1100 finish == 0min 1s: 0.000909091s/event

== Event 1200 finish == 0min 1s: 0.000833333s/event

== Event 1300 finish == 0min 1s: 0.000769231s/event

== Event 1400 finish == 0min 1s: 0.000714286s/event

== Event 1500 finish == 0min 1s: 0.000666667s/event

== Event 1600 finish == 0min 1s: 0.000625s/event

== Event 1700 finish == 0min 1s: 0.000588235s/event

== Event 1800 finish == 0min 1s: 0.000555556s/event

== Event 1900 finish == 0min 1s: 0.000526316s/event

== Event 2000 finish == 0min 1s: 0.0005s/event

== Event 2100 finish == 0min 1s: 0.00047619s/event

== Event 2200 finish == 0min 1s: 0.000454545s/event

== Event 2300 finish == 0min 1s: 0.000434783s/event

== Event 2400 finish == 0min 2s: 0.000833333s/event

== Event 2500 finish == 0min 2s: 0.0008s/event

== Event 2600 finish == 0min 2s: 0.000769231s/event

== Event 2700 finish == 0min 2s: 0.000740741s/event

== Event 2800 finish == 0min 2s: 0.000714286s/event

== Event 2900 finish == 0min 2s: 0.000689655s/event

== Event 3000 finish == 0min 2s: 0.000666667s/event

== Event 3100 finish == 0min 2s: 0.000645161s/event

== Event 3200 finish == 0min 2s: 0.000625s/event

== Event 3300 finish == 0min 2s: 0.000606061s/event

== Event 3400 finish == 0min 2s: 0.000588235s/event

== Event 3500 finish == 0min 3s: 0.000857143s/event

== Event 3600 finish == 0min 3s: 0.000833333s/event

== Event 3700 finish == 0min 3s: 0.000810811s/event

== Event 3800 finish == 0min 3s: 0.000789474s/event

== Event 3900 finish == 0min 3s: 0.000769231s/event

== Event 4000 finish == 0min 3s: 0.00075s/event

== Event 4100 finish == 0min 3s: 0.000731707s/event

== Event 4200 finish == 0min 3s: 0.000714286s/event

== Event 4300 finish == 0min 3s: 0.000697674s/event

== Event 4400 finish == 0min 3s: 0.000681818s/event

== Event 4500 finish == 0min 4s: 0.000888889s/event

== Event 4600 finish == 0min 4s: 0.000869565s/event

== Event 4700 finish == 0min 4s: 0.000851064s/event

== Event 4800 finish == 0min 4s: 0.000833333s/event

== Event 4900 finish == 0min 4s: 0.000816327s/event

== Event 5000 finish == 0min 4s: 0.0008s/event

== Event 5100 finish == 0min 4s: 0.000784314s/event

== Event 5200 finish == 0min 4s: 0.000769231s/event

== Event 5300 finish == 0min 4s: 0.000754717s/event

== Event 5400 finish == 0min 4s: 0.000740741s/event

== Event 5500 finish == 0min 4s: 0.000727273s/event

== Event 5600 finish == 0min 4s: 0.000714286s/event

== Event 5700 finish == 0min 4s: 0.000701754s/event

== Event 5800 finish == 0min 5s: 0.000862069s/event

== Event 5900 finish == 0min 5s: 0.000847458s/event

== Event 6000 finish == 0min 5s: 0.000833333s/event

== Event 6100 finish == 0min 5s: 0.000819672s/event

== Event 6200 finish == 0min 5s: 0.000806452s/event

== Event 6300 finish == 0min 5s: 0.000793651s/event

== Event 6400 finish == 0min 5s: 0.00078125s/event

== Event 6500 finish == 0min 5s: 0.000769231s/event

== Event 6600 finish == 0min 5s: 0.000757576s/event

== Event 6700 finish == 0min 5s: 0.000746269s/event

== Event 6800 finish == 0min 5s: 0.000735294s/event

== Event 6900 finish == 0min 5s: 0.000724638s/event

== Event 7000 finish == 0min 5s: 0.000714286s/event

== Event 7100 finish == 0min 6s: 0.00084507s/event

== Event 7200 finish == 0min 6s: 0.000833333s/event

== Event 7300 finish == 0min 6s: 0.000821918s/event

== Event 7400 finish == 0min 6s: 0.000810811s/event

== Event 7500 finish == 0min 6s: 0.0008s/event

== Event 7600 finish == 0min 6s: 0.000789474s/event

== Event 7700 finish == 0min 6s: 0.000779221s/event

== Event 7800 finish == 0min 6s: 0.000769231s/event

== Event 7900 finish == 0min 6s: 0.000759494s/event

== Event 8000 finish == 0min 6s: 0.00075s/event

== Event 8100 finish == 0min 6s: 0.000740741s/event

== Event 8200 finish == 0min 7s: 0.000853659s/event

== Event 8300 finish == 0min 7s: 0.000843373s/event

== Event 8400 finish == 0min 7s: 0.000833333s/event

== Event 8500 finish == 0min 7s: 0.000823529s/event

== Event 8600 finish == 0min 7s: 0.000813953s/event

== Event 8700 finish == 0min 7s: 0.000804598s/event

== Event 8800 finish == 0min 7s: 0.000795455s/event

== Event 8900 finish == 0min 7s: 0.000786517s/event

== Event 9000 finish == 0min 7s: 0.000777778s/event

== Event 9100 finish == 0min 7s: 0.000769231s/event

== Event 9200 finish == 0min 7s: 0.00076087s/event

== Event 9300 finish == 0min 8s: 0.000860215s/event

== Event 9400 finish == 0min 8s: 0.000851064s/event

== Event 9500 finish == 0min 8s: 0.000842105s/event

== Event 9600 finish == 0min 8s: 0.000833333s/event

== Event 9700 finish == 0min 8s: 0.000824742s/event

== Event 9800 finish == 0min 8s: 0.000816327s/event

== Event 9900 finish == 0min 8s: 0.000808081s/event

== Event 10000 finish == 0min 8s: 0.0008s/event

== Event 10100 finish == 0min 8s: 0.000792079s/event

== Event 10200 finish == 0min 8s: 0.000784314s/event

== Event 10300 finish == 0min 8s: 0.000776699s/event

== Event 10400 finish == 0min 8s: 0.000769231s/event

== Event 10500 finish == 0min 8s: 0.000761905s/event

== Event 10600 finish == 0min 9s: 0.000849057s/event
St_db_Maker:INFO  -  +++ New RunNumber found=19133013 (previous = 19133012)
St_db_Maker:INFO  - *********** Event Info **********************
St_db_Maker:INFO  - 	Run: 	19133013  Event  1818  TimeStamp 20180513. 81321  Bunch 0:0
St_db_Maker:INFO  - 	 EvtSize: 0 	InpTrig:    0 OutTrig:    0
St_db_Maker:INFO  - *********************************************

== Event 10700 finish == 0min 9s: 0.000841121s/event

== Event 10800 finish == 0min 9s: 0.000833333s/event

== Event 10900 finish == 0min 9s: 0.000825688s/event

== Event 11000 finish == 0min 9s: 0.000818182s/event

== Event 11100 finish == 0min 9s: 0.000810811s/event
St_db_Maker:INFO  -  +++ New RunNumber found=19133014 (previous = 19133013)
St_db_Maker:INFO  - *********** Event Info **********************
St_db_Maker:INFO  - 	Run: 	19133014  Event  3333  TimeStamp 20180513. 83208  Bunch 0:0
St_db_Maker:INFO  - 	 EvtSize: 0 	InpTrig:    0 OutTrig:    0
St_db_Maker:INFO  - *********************************************

== Event 11200 finish == 0min 9s: 0.000803571s/event
St_db_Maker:INFO  -  +++ New RunNumber found=19133016 (previous = 19133014)
St_db_Maker:INFO  - *********** Event Info **********************
St_db_Maker:INFO  - 	Run: 	19133016  Event 3665281  TimeStamp 20180513. 93802  Bunch 0:0
St_db_Maker:INFO  - 	 EvtSize: 0 	InpTrig:    0 OutTrig:    0
St_db_Maker:INFO  - *********************************************
StKFParticleAnalysisMaker:INFO  - dEdxParameterization::GetFile : File P10T.root has been found as /gpfs01/star/subsys-tpc/fisyak/STAR/packages/TFG21g/StarDb/dEdxModel/P10T.root
	i = 	0	fnBins[i] = 	101	fbinW[i] = 	0.05
	i = 	1	fnBins[i] = 	11	fbinW[i] = 	0.33
	i = 	2	fnBins[i] = 	51	fbinW[i] = 	0.2
root4star: .sl73_x8664_gcc485/OBJ/StRoot/StChain/StMaker.cxx:943: virtual Int_t StMaker::Make(): Assertion `(ret%10)>=0 && (ret%10)<=kStFatal' failed.
